#
# A fatal error has been detected by the Java Runtime Environment:
#
#  EXCEPTION_ACCESS_VIOLATION (0xc0000005) at pc=0x00007ffbe7ffcddc, pid=25416, tid=18504
#
# JRE version: Java(TM) SE Runtime Environment (12.0.1+12) (build 12.0.1+12)
# Java VM: Java HotSpot(TM) 64-Bit Server VM (12.0.1+12, mixed mode, sharing, tiered, compressed oops, g1 gc, windows-amd64)
# Problematic frame:
# V  [jvm.dll+0x34cddc]
#
# No core dump will be written. Minidumps are not enabled by default on client versions of Windows
#
# If you would like to submit a bug report, please visit:
#   http://bugreport.java.com/bugreport/crash.jsp
#

---------------  S U M M A R Y ------------

Command Line: -agentlib:jdwp=transport=dt_socket,suspend=y,address=localhost:53441 -ea -Dfile.encoding=Cp1252 org.testng.remote.RemoteTestNG -serport 53440 -protocol json -d C:\Users\Neha\eclipse-workspace\BPCI_API\API_BPCI\test-output C:\Users\Neha\AppData\Local\Temp\testng-eclipse--108205315\testng-customsuite.xml

Host: Intel(R) Core(TM) i5-8250U CPU @ 1.60GHz, 8 cores, 7G,  Windows 10 , 64 bit Build 17134 (10.0.17134.753)
Time: Tue Aug 13 11:21:20 2019 India Standard Time elapsed time: 76402 seconds (0d 21h 13m 22s)

---------------  T H R E A D  ---------------

Current thread (0x0000017b7a99e000):  VMThread "VM Thread" [stack: 0x0000006b4be00000,0x0000006b4bf00000] [id=18504]

Stack: [0x0000006b4be00000,0x0000006b4bf00000],  sp=0x0000006b4befeba0,  free space=1018k
Native frames: (J=compiled Java code, j=interpreted, Vv=VM code, C=native code)
V  [jvm.dll+0x34cddc]
V  [jvm.dll+0x34f256]
V  [jvm.dll+0x34fb6e]
V  [jvm.dll+0x34d07c]
V  [jvm.dll+0x34c2b2]
V  [jvm.dll+0x628425]
V  [jvm.dll+0x6281ad]
V  [jvm.dll+0x5ef77a]
V  [jvm.dll+0x504387]
V  [jvm.dll+0x78dccc]
V  [jvm.dll+0x791b27]
V  [jvm.dll+0x792366]
V  [jvm.dll+0x792697]
V  [jvm.dll+0x748648]
V  [jvm.dll+0x638566]
C  [ucrtbase.dll+0x1e3fe]
C  [KERNEL32.DLL+0x14034]
C  [ntdll.dll+0x73691]


siginfo: EXCEPTION_ACCESS_VIOLATION (0xc0000005), reading address 0x00000000004a004f


Register to memory mapping:

RIP=0x00007ffbe7ffcddc jvm.dll
RAX=0x00000000004a0049 is an unknown value
RBX=0x0000006b4befee20 points into unknown readable memory: 58 b4 58 e8 fb 7f 00 00
RCX=0x0000000000007bd3 is an unknown value
RDX=0x0000000000000042 is an unknown value
RSP=0x0000006b4befeba0 points into unknown readable memory: f0 eb ef 4b 6b 00 00 00
RBP=0x0000000000000001 is an unknown value
RSI=0x0000000000000001 is an unknown value
RDI=0x00007ffbe8743bd8 jvm.dll
R8 =0x0 is NULL
R9 =0x0000017b7aeb2b30 is pointing into metadata
R10=0x0 is NULL
R11=0x0000000047000000 is an unknown value
R12=0x0000017b7db52138 points into unknown readable memory: 00 c6 2c 8a 7a 00 00 00
R13=0x0000000000000118 is an unknown value
R14=0x0000017b7aeb37d6 is pointing into metadata
R15=0x0000000000000134 is an unknown value


Registers:
RAX=0x00000000004a0049, RBX=0x0000006b4befee20, RCX=0x0000000000007bd3, RDX=0x0000000000000042
RSP=0x0000006b4befeba0, RBP=0x0000000000000001, RSI=0x0000000000000001, RDI=0x00007ffbe8743bd8
R8 =0x0000000000000000, R9 =0x0000017b7aeb2b30, R10=0x0000000000000000, R11=0x0000000047000000
R12=0x0000017b7db52138, R13=0x0000000000000118, R14=0x0000017b7aeb37d6, R15=0x0000000000000134
RIP=0x00007ffbe7ffcddc, EFLAGS=0x0000000000010206

Top of Stack: (sp=0x0000006b4befeba0)
0x0000006b4befeba0:   0000006b4befebf0 00007ffbe8001008
0x0000006b4befebb0:   0000017b7db52390 0000000000000210
0x0000006b4befebc0:   00000000460000b3 00007ffbe7f08294
0x0000006b4befebd0:   00000000460000b3 00007ffbe8000f55
0x0000006b4befebe0:   0000dbdf57d0b52e 0000dbdf57d0b53e
0x0000006b4befebf0:   0000017b7aeb37d6 0000006b4befec80
0x0000006b4befec00:   0000006b4befee20 00007ffbe7fff256
0x0000006b4befec10:   00000000460000ab 00000000000000b6
0x0000006b4befec20:   0000000000000001 0000017b7aeb37d6
0x0000006b4befec30:   00000000000000b6 0000017b7db52138
0x0000006b4befec40:   0000000000000134 00000000000000b2
0x0000006b4befec50:   00000000000000b2 00007ffbe7fffb6e
0x0000006b4befec60:   0000006b4befee20 0000006b4befecb0
0x0000006b4befec70:   0000017b7aeb37d6 6666666666666667
0x0000006b4befec80:   0000017b7aeb3a78 0000017b7a99e000
0x0000006b4befec90:   000000b9000000b6 000000b200000134 

Instructions: (pc=0x00007ffbe7ffcddc)
0x00007ffbe7ffcdbc:   8b cf e8 5d e1 f0 ff 8b d0 48 8b cf e8 83 11 f1
0x00007ffbe7ffcdcc:   ff 48 63 c8 48 8b 44 cf 40 48 8d 3d fc 6d 74 00
0x00007ffbe7ffcddc:   0f b6 48 06 8b 05 ee 6d 74 00 80 f9 4c 74 2b 80
0x00007ffbe7ffcdec:   f9 5b 74 26 80 f9 4a 74 18 80 f9 44 74 13 80 f9 


Stack slot to memory mapping:
stack at sp + 0 slots: 0x0000006b4befebf0 points into unknown readable memory: d6 37 eb 7a 7b 01 00 00
stack at sp + 1 slots: 0x00007ffbe8001008 jvm.dll
stack at sp + 2 slots: 0x0000017b7db52390 points into unknown readable memory: 00 61 af 82 10 02 00 00
stack at sp + 3 slots: 0x0000000000000210 is an unknown value
stack at sp + 4 slots: 0x00000000460000b3 is an unknown value
stack at sp + 5 slots: 0x00007ffbe7f08294 jvm.dll
stack at sp + 6 slots: 0x00000000460000b3 is an unknown value
stack at sp + 7 slots: 0x00007ffbe8000f55 jvm.dll

VM_Operation (0x0000006b4c6ff4f0): GetOrSetLocal, mode: safepoint, requested by thread 0x0000017b7b44c800


---------------  P R O C E S S  ---------------

Threads class SMR info:
_java_thread_list=0x0000017b7c453b40, length=14, elements={
0x0000017b5bd90800, 0x0000017b7a99f800, 0x0000017b7a9a2800, 0x0000017b7a9be000,
0x0000017b7a9c7000, 0x0000017b7a9c9800, 0x0000017b7a9d1000, 0x0000017b7b300800,
0x0000017b7b44c800, 0x0000017b7b44e000, 0x0000017b7b458000, 0x0000017b7b463000,
0x0000017b7b464000, 0x0000017b7b466800
}

Java Threads: ( => current thread )
  0x0000017b5bd90800 JavaThread "main" [_thread_blocked, id=4672, stack(0x0000006b4b800000,0x0000006b4b900000)]
  0x0000017b7a99f800 JavaThread "Reference Handler" daemon [_thread_blocked, id=14276, stack(0x0000006b4bf00000,0x0000006b4c000000)]
  0x0000017b7a9a2800 JavaThread "Finalizer" daemon [_thread_blocked, id=24532, stack(0x0000006b4c000000,0x0000006b4c100000)]
  0x0000017b7a9be000 JavaThread "Signal Dispatcher" daemon [_thread_blocked, id=22296, stack(0x0000006b4c100000,0x0000006b4c200000)]
  0x0000017b7a9c7000 JavaThread "Attach Listener" daemon [_thread_blocked, id=18452, stack(0x0000006b4c200000,0x0000006b4c300000)]
  0x0000017b7a9c9800 JavaThread "C2 CompilerThread0" daemon [_thread_blocked, id=25936, stack(0x0000006b4c300000,0x0000006b4c400000)]
  0x0000017b7a9d1000 JavaThread "C1 CompilerThread0" daemon [_thread_blocked, id=20556, stack(0x0000006b4c400000,0x0000006b4c500000)]
  0x0000017b7b300800 JavaThread "Sweeper thread" daemon [_thread_blocked, id=25356, stack(0x0000006b4c500000,0x0000006b4c600000)]
  0x0000017b7b44c800 JavaThread "JDWP Transport Listener: dt_socket" daemon [_thread_blocked, id=20044, stack(0x0000006b4c600000,0x0000006b4c700000)] _threads_hazard_ptr=0x0000017b7c453b40
  0x0000017b7b44e000 JavaThread "JDWP Event Helper Thread" daemon [_thread_blocked, id=25992, stack(0x0000006b4c700000,0x0000006b4c800000)]
  0x0000017b7b458000 JavaThread "JDWP Command Reader" daemon [_thread_in_native, id=20132, stack(0x0000006b4c800000,0x0000006b4c900000)]
  0x0000017b7b463000 JavaThread "Service Thread" daemon [_thread_blocked, id=18508, stack(0x0000006b4c900000,0x0000006b4ca00000)]
  0x0000017b7b464000 JavaThread "Common-Cleaner" daemon [_thread_blocked, id=12952, stack(0x0000006b4cb00000,0x0000006b4cc00000)]
  0x0000017b7b466800 JavaThread "ReaderThread" [_thread_in_native, id=15224, stack(0x0000006b4cd00000,0x0000006b4ce00000)]

Other Threads:
=>0x0000017b7a99e000 VMThread "VM Thread" [stack: 0x0000006b4be00000,0x0000006b4bf00000] [id=18504]
  0x0000017b7b473000 WatcherThread [stack: 0x0000006b4ca00000,0x0000006b4cb00000] [id=24152]
  0x0000017b5bdd0800 GCTaskThread "GC Thread#0" [stack: 0x0000006b4b900000,0x0000006b4ba00000] [id=16448]
  0x0000017b7c201800 GCTaskThread "GC Thread#1" [stack: 0x0000006b4cf00000,0x0000006b4d000000] [id=11300]
  0x0000017b7bea3000 GCTaskThread "GC Thread#2" [stack: 0x0000006b4d000000,0x0000006b4d100000] [id=21340]
  0x0000017b7bea4000 GCTaskThread "GC Thread#3" [stack: 0x0000006b4d100000,0x0000006b4d200000] [id=17748]
  0x0000017b5bddf800 ConcurrentGCThread "G1 Main Marker" [stack: 0x0000006b4ba00000,0x0000006b4bb00000] [id=9744]
  0x0000017b5bdea000 ConcurrentGCThread "G1 Conc#0" [stack: 0x0000006b4bb00000,0x0000006b4bc00000] [id=19704]
  0x0000017b5be5e000 ConcurrentGCThread "G1 Refine#0" [stack: 0x0000006b4bc00000,0x0000006b4bd00000] [id=12872]
  0x0000017b7b558000 ConcurrentGCThread "G1 Refine#1" [stack: 0x0000006b4d200000,0x0000006b4d300000] [id=1292]
  0x0000017b7a81c800 ConcurrentGCThread "G1 Young RemSet Sampling" [stack: 0x0000006b4bd00000,0x0000006b4be00000] [id=4548]

Threads with active compile tasks:

VM state:at safepoint (normal execution)

VM Mutex/Monitor currently owned by a thread:  ([mutex/lock_event])
[0x0000017b5bd8dc30] Threads_lock - owner thread: 0x0000017b7a99e000

Heap address: 0x0000000082600000, size: 2010 MB, Compressed Oops mode: 32-bit
Narrow klass base: 0x0000000800000000, Narrow klass shift: 3
Compressed class space size: 1073741824 Address: 0x00000008011a0000

Heap:
 garbage-first heap   total 129024K, used 37952K [0x0000000082600000, 0x0000000100000000)
  region size 1024K, 31 young (31744K), 3 survivors (3072K)
 Metaspace       used 18640K, capacity 18955K, committed 19072K, reserved 1067008K
  class space    used 2012K, capacity 2114K, committed 2176K, reserved 1048576K
Heap Regions: E=young(eden), S=young(survivor), O=old, HS=humongous(starts), HC=humongous(continues), CS=collection set, F=free, A=archive, TAMS=top-at-mark-start (previous, next)
|   0|0x0000000082600000, 0x0000000082700000, 0x0000000082700000|100%|HS|  |TAMS 0x0000000082600000, 0x0000000082600000| Complete 
|   1|0x0000000082700000, 0x0000000082800000, 0x0000000082800000|100%| O|  |TAMS 0x0000000082700000, 0x0000000082700000| Untracked 
|   2|0x0000000082800000, 0x0000000082900000, 0x0000000082900000|100%| O|  |TAMS 0x0000000082800000, 0x0000000082800000| Untracked 
|   3|0x0000000082900000, 0x0000000082a00000, 0x0000000082a00000|100%| O|  |TAMS 0x0000000082900000, 0x0000000082900000| Untracked 
|   4|0x0000000082a00000, 0x0000000082b00000, 0x0000000082b00000|100%| O|  |TAMS 0x0000000082a00000, 0x0000000082a00000| Untracked 
|   5|0x0000000082b00000, 0x0000000082b00000, 0x0000000082c00000|  0%| F|  |TAMS 0x0000000082b00000, 0x0000000082b00000| Untracked 
|   6|0x0000000082c00000, 0x0000000082c00000, 0x0000000082d00000|  0%| F|  |TAMS 0x0000000082c00000, 0x0000000082c00000| Untracked 
|   7|0x0000000082d00000, 0x0000000082d00000, 0x0000000082e00000|  0%| F|  |TAMS 0x0000000082d00000, 0x0000000082d00000| Untracked 
|   8|0x0000000082e00000, 0x0000000082f00000, 0x0000000082f00000|100%| O|  |TAMS 0x0000000082e00000, 0x0000000082e00000| Untracked 
|   9|0x0000000082f00000, 0x0000000083000000, 0x0000000083000000|100%| O|  |TAMS 0x0000000082f00000, 0x0000000082f00000| Untracked 
|  10|0x0000000083000000, 0x0000000083010200, 0x0000000083100000|  6%| O|  |TAMS 0x0000000083000000, 0x0000000083000000| Untracked 
|  11|0x0000000083100000, 0x0000000083100000, 0x0000000083200000|  0%| F|  |TAMS 0x0000000083100000, 0x0000000083100000| Untracked 
|  12|0x0000000083200000, 0x0000000083200000, 0x0000000083300000|  0%| F|  |TAMS 0x0000000083200000, 0x0000000083200000| Untracked 
|  13|0x0000000083300000, 0x0000000083300000, 0x0000000083400000|  0%| F|  |TAMS 0x0000000083300000, 0x0000000083300000| Untracked 
|  14|0x0000000083400000, 0x0000000083400000, 0x0000000083500000|  0%| F|  |TAMS 0x0000000083400000, 0x0000000083400000| Untracked 
|  15|0x0000000083500000, 0x0000000083500000, 0x0000000083600000|  0%| F|  |TAMS 0x0000000083500000, 0x0000000083500000| Untracked 
|  16|0x0000000083600000, 0x0000000083600000, 0x0000000083700000|  0%| F|  |TAMS 0x0000000083600000, 0x0000000083600000| Untracked 
|  17|0x0000000083700000, 0x0000000083700000, 0x0000000083800000|  0%| F|  |TAMS 0x0000000083700000, 0x0000000083700000| Untracked 
|  18|0x0000000083800000, 0x0000000083800000, 0x0000000083900000|  0%| F|  |TAMS 0x0000000083800000, 0x0000000083800000| Untracked 
|  19|0x0000000083900000, 0x0000000083900000, 0x0000000083a00000|  0%| F|  |TAMS 0x0000000083900000, 0x0000000083900000| Untracked 
|  20|0x0000000083a00000, 0x0000000083a00000, 0x0000000083b00000|  0%| F|  |TAMS 0x0000000083a00000, 0x0000000083a00000| Untracked 
|  21|0x0000000083b00000, 0x0000000083b00000, 0x0000000083c00000|  0%| F|  |TAMS 0x0000000083b00000, 0x0000000083b00000| Untracked 
|  22|0x0000000083c00000, 0x0000000083c00000, 0x0000000083d00000|  0%| F|  |TAMS 0x0000000083c00000, 0x0000000083c00000| Untracked 
|  23|0x0000000083d00000, 0x0000000083d00000, 0x0000000083e00000|  0%| F|  |TAMS 0x0000000083d00000, 0x0000000083d00000| Untracked 
|  24|0x0000000083e00000, 0x0000000083e00000, 0x0000000083f00000|  0%| F|  |TAMS 0x0000000083e00000, 0x0000000083e00000| Untracked 
|  25|0x0000000083f00000, 0x0000000083f00000, 0x0000000084000000|  0%| F|  |TAMS 0x0000000083f00000, 0x0000000083f00000| Untracked 
|  26|0x0000000084000000, 0x0000000084000000, 0x0000000084100000|  0%| F|  |TAMS 0x0000000084000000, 0x0000000084000000| Untracked 
|  27|0x0000000084100000, 0x0000000084100000, 0x0000000084200000|  0%| F|  |TAMS 0x0000000084100000, 0x0000000084100000| Untracked 
|  28|0x0000000084200000, 0x0000000084200000, 0x0000000084300000|  0%| F|  |TAMS 0x0000000084200000, 0x0000000084200000| Untracked 
|  29|0x0000000084300000, 0x0000000084300000, 0x0000000084400000|  0%| F|  |TAMS 0x0000000084300000, 0x0000000084300000| Untracked 
|  30|0x0000000084400000, 0x0000000084400000, 0x0000000084500000|  0%| F|  |TAMS 0x0000000084400000, 0x0000000084400000| Untracked 
|  31|0x0000000084500000, 0x0000000084500000, 0x0000000084600000|  0%| F|  |TAMS 0x0000000084500000, 0x0000000084500000| Untracked 
|  32|0x0000000084600000, 0x0000000084600000, 0x0000000084700000|  0%| F|  |TAMS 0x0000000084600000, 0x0000000084600000| Untracked 
|  33|0x0000000084700000, 0x0000000084700000, 0x0000000084800000|  0%| F|  |TAMS 0x0000000084700000, 0x0000000084700000| Untracked 
|  34|0x0000000084800000, 0x0000000084800000, 0x0000000084900000|  0%| F|  |TAMS 0x0000000084800000, 0x0000000084800000| Untracked 
|  35|0x0000000084900000, 0x0000000084900000, 0x0000000084a00000|  0%| F|  |TAMS 0x0000000084900000, 0x0000000084900000| Untracked 
|  36|0x0000000084a00000, 0x0000000084a00000, 0x0000000084b00000|  0%| F|  |TAMS 0x0000000084a00000, 0x0000000084a00000| Untracked 
|  37|0x0000000084b00000, 0x0000000084b00000, 0x0000000084c00000|  0%| F|  |TAMS 0x0000000084b00000, 0x0000000084b00000| Untracked 
|  38|0x0000000084c00000, 0x0000000084c00000, 0x0000000084d00000|  0%| F|  |TAMS 0x0000000084c00000, 0x0000000084c00000| Untracked 
|  39|0x0000000084d00000, 0x0000000084d00000, 0x0000000084e00000|  0%| F|  |TAMS 0x0000000084d00000, 0x0000000084d00000| Untracked 
|  40|0x0000000084e00000, 0x0000000084e00000, 0x0000000084f00000|  0%| F|  |TAMS 0x0000000084e00000, 0x0000000084e00000| Untracked 
|  41|0x0000000084f00000, 0x0000000084f00000, 0x0000000085000000|  0%| F|  |TAMS 0x0000000084f00000, 0x0000000084f00000| Untracked 
|  42|0x0000000085000000, 0x0000000085000000, 0x0000000085100000|  0%| F|  |TAMS 0x0000000085000000, 0x0000000085000000| Untracked 
|  43|0x0000000085100000, 0x0000000085100000, 0x0000000085200000|  0%| F|  |TAMS 0x0000000085100000, 0x0000000085100000| Untracked 
|  44|0x0000000085200000, 0x0000000085200000, 0x0000000085300000|  0%| F|  |TAMS 0x0000000085200000, 0x0000000085200000| Untracked 
|  45|0x0000000085300000, 0x0000000085300000, 0x0000000085400000|  0%| F|  |TAMS 0x0000000085300000, 0x0000000085300000| Untracked 
|  46|0x0000000085400000, 0x0000000085400000, 0x0000000085500000|  0%| F|  |TAMS 0x0000000085400000, 0x0000000085400000| Untracked 
|  47|0x0000000085500000, 0x0000000085500000, 0x0000000085600000|  0%| F|  |TAMS 0x0000000085500000, 0x0000000085500000| Untracked 
|  48|0x0000000085600000, 0x0000000085600000, 0x0000000085700000|  0%| F|  |TAMS 0x0000000085600000, 0x0000000085600000| Untracked 
|  49|0x0000000085700000, 0x0000000085700000, 0x0000000085800000|  0%| F|  |TAMS 0x0000000085700000, 0x0000000085700000| Untracked 
|  50|0x0000000085800000, 0x0000000085800000, 0x0000000085900000|  0%| F|  |TAMS 0x0000000085800000, 0x0000000085800000| Untracked 
|  51|0x0000000085900000, 0x0000000085900000, 0x0000000085a00000|  0%| F|  |TAMS 0x0000000085900000, 0x0000000085900000| Untracked 
|  52|0x0000000085a00000, 0x0000000085a00000, 0x0000000085b00000|  0%| F|  |TAMS 0x0000000085a00000, 0x0000000085a00000| Untracked 
|  53|0x0000000085b00000, 0x0000000085b00000, 0x0000000085c00000|  0%| F|  |TAMS 0x0000000085b00000, 0x0000000085b00000| Untracked 
|  54|0x0000000085c00000, 0x0000000085c00000, 0x0000000085d00000|  0%| F|  |TAMS 0x0000000085c00000, 0x0000000085c00000| Untracked 
|  55|0x0000000085d00000, 0x0000000085d00000, 0x0000000085e00000|  0%| F|  |TAMS 0x0000000085d00000, 0x0000000085d00000| Untracked 
|  56|0x0000000085e00000, 0x0000000085e00000, 0x0000000085f00000|  0%| F|  |TAMS 0x0000000085e00000, 0x0000000085e00000| Untracked 
|  57|0x0000000085f00000, 0x0000000085f00000, 0x0000000086000000|  0%| F|  |TAMS 0x0000000085f00000, 0x0000000085f00000| Untracked 
|  58|0x0000000086000000, 0x0000000086000000, 0x0000000086100000|  0%| F|  |TAMS 0x0000000086000000, 0x0000000086000000| Untracked 
|  59|0x0000000086100000, 0x0000000086100000, 0x0000000086200000|  0%| F|  |TAMS 0x0000000086100000, 0x0000000086100000| Untracked 
|  60|0x0000000086200000, 0x0000000086200000, 0x0000000086300000|  0%| F|  |TAMS 0x0000000086200000, 0x0000000086200000| Untracked 
|  61|0x0000000086300000, 0x0000000086300000, 0x0000000086400000|  0%| F|  |TAMS 0x0000000086300000, 0x0000000086300000| Untracked 
|  62|0x0000000086400000, 0x0000000086400000, 0x0000000086500000|  0%| F|  |TAMS 0x0000000086400000, 0x0000000086400000| Untracked 
|  63|0x0000000086500000, 0x0000000086500000, 0x0000000086600000|  0%| F|  |TAMS 0x0000000086500000, 0x0000000086500000| Untracked 
|  64|0x0000000086600000, 0x0000000086600000, 0x0000000086700000|  0%| F|  |TAMS 0x0000000086600000, 0x0000000086600000| Untracked 
|  65|0x0000000086700000, 0x0000000086700000, 0x0000000086800000|  0%| F|  |TAMS 0x0000000086700000, 0x0000000086700000| Untracked 
|  66|0x0000000086800000, 0x0000000086800000, 0x0000000086900000|  0%| F|  |TAMS 0x0000000086800000, 0x0000000086800000| Untracked 
|  67|0x0000000086900000, 0x0000000086900000, 0x0000000086a00000|  0%| F|  |TAMS 0x0000000086900000, 0x0000000086900000| Untracked 
|  68|0x0000000086a00000, 0x0000000086a00000, 0x0000000086b00000|  0%| F|  |TAMS 0x0000000086a00000, 0x0000000086a00000| Untracked 
|  69|0x0000000086b00000, 0x0000000086b00000, 0x0000000086c00000|  0%| F|  |TAMS 0x0000000086b00000, 0x0000000086b00000| Untracked 
|  70|0x0000000086c00000, 0x0000000086c00000, 0x0000000086d00000|  0%| F|  |TAMS 0x0000000086c00000, 0x0000000086c00000| Untracked 
|  71|0x0000000086d00000, 0x0000000086d00000, 0x0000000086e00000|  0%| F|  |TAMS 0x0000000086d00000, 0x0000000086d00000| Untracked 
|  72|0x0000000086e00000, 0x0000000086e00000, 0x0000000086f00000|  0%| F|  |TAMS 0x0000000086e00000, 0x0000000086e00000| Untracked 
|  73|0x0000000086f00000, 0x0000000086f00000, 0x0000000087000000|  0%| F|  |TAMS 0x0000000086f00000, 0x0000000086f00000| Untracked 
|  74|0x0000000087000000, 0x0000000087000000, 0x0000000087100000|  0%| F|  |TAMS 0x0000000087000000, 0x0000000087000000| Untracked 
|  75|0x0000000087100000, 0x0000000087100000, 0x0000000087200000|  0%| F|  |TAMS 0x0000000087100000, 0x0000000087100000| Untracked 
|  76|0x0000000087200000, 0x0000000087200000, 0x0000000087300000|  0%| F|  |TAMS 0x0000000087200000, 0x0000000087200000| Untracked 
|  77|0x0000000087300000, 0x0000000087300000, 0x0000000087400000|  0%| F|  |TAMS 0x0000000087300000, 0x0000000087300000| Untracked 
|  78|0x0000000087400000, 0x0000000087400000, 0x0000000087500000|  0%| F|  |TAMS 0x0000000087400000, 0x0000000087400000| Untracked 
|  79|0x0000000087500000, 0x0000000087500000, 0x0000000087600000|  0%| F|  |TAMS 0x0000000087500000, 0x0000000087500000| Untracked 
|  80|0x0000000087600000, 0x0000000087600000, 0x0000000087700000|  0%| F|  |TAMS 0x0000000087600000, 0x0000000087600000| Untracked 
|  81|0x0000000087700000, 0x0000000087700000, 0x0000000087800000|  0%| F|  |TAMS 0x0000000087700000, 0x0000000087700000| Untracked 
|  82|0x0000000087800000, 0x0000000087800000, 0x0000000087900000|  0%| F|  |TAMS 0x0000000087800000, 0x0000000087800000| Untracked 
|  83|0x0000000087900000, 0x0000000087900000, 0x0000000087a00000|  0%| F|  |TAMS 0x0000000087900000, 0x0000000087900000| Untracked 
|  84|0x0000000087a00000, 0x0000000087a00000, 0x0000000087b00000|  0%| F|  |TAMS 0x0000000087a00000, 0x0000000087a00000| Untracked 
|  85|0x0000000087b00000, 0x0000000087b00000, 0x0000000087c00000|  0%| F|  |TAMS 0x0000000087b00000, 0x0000000087b00000| Untracked 
|  86|0x0000000087c00000, 0x0000000087c00000, 0x0000000087d00000|  0%| F|  |TAMS 0x0000000087c00000, 0x0000000087c00000| Untracked 
|  87|0x0000000087d00000, 0x0000000087d00000, 0x0000000087e00000|  0%| F|  |TAMS 0x0000000087d00000, 0x0000000087d00000| Untracked 
|  88|0x0000000087e00000, 0x0000000087e00000, 0x0000000087f00000|  0%| F|  |TAMS 0x0000000087e00000, 0x0000000087e00000| Untracked 
|  89|0x0000000087f00000, 0x0000000087f00000, 0x0000000088000000|  0%| F|  |TAMS 0x0000000087f00000, 0x0000000087f00000| Untracked 
|  90|0x0000000088000000, 0x0000000088000000, 0x0000000088100000|  0%| F|  |TAMS 0x0000000088000000, 0x0000000088000000| Untracked 
|  91|0x0000000088100000, 0x0000000088100000, 0x0000000088200000|  0%| F|  |TAMS 0x0000000088100000, 0x0000000088100000| Untracked 
|  92|0x0000000088200000, 0x0000000088200000, 0x0000000088300000|  0%| F|  |TAMS 0x0000000088200000, 0x0000000088200000| Untracked 
|  93|0x0000000088300000, 0x0000000088300000, 0x0000000088400000|  0%| F|  |TAMS 0x0000000088300000, 0x0000000088300000| Untracked 
|  94|0x0000000088400000, 0x0000000088400000, 0x0000000088500000|  0%| F|  |TAMS 0x0000000088400000, 0x0000000088400000| Untracked 
|  95|0x0000000088500000, 0x00000000885e6ec8, 0x0000000088600000| 90%| E|  |TAMS 0x0000000088500000, 0x0000000088500000| Complete 
|  96|0x0000000088600000, 0x0000000088700000, 0x0000000088700000|100%| E|CS|TAMS 0x0000000088600000, 0x0000000088600000| Complete 
|  97|0x0000000088700000, 0x0000000088800000, 0x0000000088800000|100%| E|CS|TAMS 0x0000000088700000, 0x0000000088700000| Complete 
|  98|0x0000000088800000, 0x0000000088900000, 0x0000000088900000|100%| E|CS|TAMS 0x0000000088800000, 0x0000000088800000| Complete 
|  99|0x0000000088900000, 0x0000000088a00000, 0x0000000088a00000|100%| E|CS|TAMS 0x0000000088900000, 0x0000000088900000| Complete 
| 100|0x0000000088a00000, 0x0000000088b00000, 0x0000000088b00000|100%| E|CS|TAMS 0x0000000088a00000, 0x0000000088a00000| Complete 
| 101|0x0000000088b00000, 0x0000000088c00000, 0x0000000088c00000|100%| E|CS|TAMS 0x0000000088b00000, 0x0000000088b00000| Complete 
| 102|0x0000000088c00000, 0x0000000088d00000, 0x0000000088d00000|100%| E|CS|TAMS 0x0000000088c00000, 0x0000000088c00000| Complete 
| 103|0x0000000088d00000, 0x0000000088e00000, 0x0000000088e00000|100%| E|CS|TAMS 0x0000000088d00000, 0x0000000088d00000| Complete 
| 104|0x0000000088e00000, 0x0000000088f00000, 0x0000000088f00000|100%| E|CS|TAMS 0x0000000088e00000, 0x0000000088e00000| Complete 
| 105|0x0000000088f00000, 0x0000000089000000, 0x0000000089000000|100%| E|CS|TAMS 0x0000000088f00000, 0x0000000088f00000| Complete 
| 106|0x0000000089000000, 0x0000000089100000, 0x0000000089100000|100%| E|CS|TAMS 0x0000000089000000, 0x0000000089000000| Complete 
| 107|0x0000000089100000, 0x0000000089200000, 0x0000000089200000|100%| S|CS|TAMS 0x0000000089100000, 0x0000000089100000| Complete 
| 108|0x0000000089200000, 0x0000000089300000, 0x0000000089300000|100%| S|CS|TAMS 0x0000000089200000, 0x0000000089200000| Complete 
| 109|0x0000000089300000, 0x0000000089400000, 0x0000000089400000|100%| S|CS|TAMS 0x0000000089300000, 0x0000000089300000| Complete 
| 110|0x0000000089400000, 0x0000000089500000, 0x0000000089500000|100%| E|CS|TAMS 0x0000000089400000, 0x0000000089400000| Complete 
| 111|0x0000000089500000, 0x0000000089600000, 0x0000000089600000|100%| E|CS|TAMS 0x0000000089500000, 0x0000000089500000| Complete 
| 112|0x0000000089600000, 0x0000000089700000, 0x0000000089700000|100%| E|CS|TAMS 0x0000000089600000, 0x0000000089600000| Complete 
| 113|0x0000000089700000, 0x0000000089800000, 0x0000000089800000|100%| E|CS|TAMS 0x0000000089700000, 0x0000000089700000| Complete 
| 114|0x0000000089800000, 0x0000000089900000, 0x0000000089900000|100%| E|CS|TAMS 0x0000000089800000, 0x0000000089800000| Complete 
| 115|0x0000000089900000, 0x0000000089a00000, 0x0000000089a00000|100%| E|CS|TAMS 0x0000000089900000, 0x0000000089900000| Complete 
| 116|0x0000000089a00000, 0x0000000089b00000, 0x0000000089b00000|100%| E|CS|TAMS 0x0000000089a00000, 0x0000000089a00000| Complete 
| 117|0x0000000089b00000, 0x0000000089c00000, 0x0000000089c00000|100%| E|CS|TAMS 0x0000000089b00000, 0x0000000089b00000| Complete 
| 118|0x0000000089c00000, 0x0000000089d00000, 0x0000000089d00000|100%| E|CS|TAMS 0x0000000089c00000, 0x0000000089c00000| Complete 
| 119|0x0000000089d00000, 0x0000000089e00000, 0x0000000089e00000|100%| E|CS|TAMS 0x0000000089d00000, 0x0000000089d00000| Complete 
| 120|0x0000000089e00000, 0x0000000089f00000, 0x0000000089f00000|100%| E|CS|TAMS 0x0000000089e00000, 0x0000000089e00000| Complete 
| 121|0x0000000089f00000, 0x000000008a000000, 0x000000008a000000|100%| E|CS|TAMS 0x0000000089f00000, 0x0000000089f00000| Complete 
| 122|0x000000008a000000, 0x000000008a100000, 0x000000008a100000|100%| E|CS|TAMS 0x000000008a000000, 0x000000008a000000| Complete 
| 123|0x000000008a100000, 0x000000008a200000, 0x000000008a200000|100%| E|CS|TAMS 0x000000008a100000, 0x000000008a100000| Complete 
| 124|0x000000008a200000, 0x000000008a300000, 0x000000008a300000|100%| E|CS|TAMS 0x000000008a200000, 0x000000008a200000| Complete 
| 125|0x000000008a300000, 0x000000008a400000, 0x000000008a400000|100%| E|CS|TAMS 0x000000008a300000, 0x000000008a300000| Complete 

Card table byte_map: [0x0000017b738b0000,0x0000017b73ca0000] _byte_map_base: 0x0000017b7349d000

Marking Bits (Prev, Next): (CMBitMap*) 0x0000017b5bdd15a8, (CMBitMap*) 0x0000017b5bdd15e8
 Prev Bits: [0x0000017b74090000, 0x0000017b75ff8000)
 Next Bits: [0x0000017b76000000, 0x0000017b77f68000)

Polling page: 0x0000017b5b560000

Metaspace:

Usage:
  Non-class:     16.45 MB capacity,    16.24 MB ( 99%) used,   185.23 KB (  1%) free+waste,    28.25 KB ( <1%) overhead. 
      Class:      2.06 MB capacity,     1.97 MB ( 95%) used,    89.21 KB (  4%) free+waste,    12.13 KB ( <1%) overhead. 
       Both:     18.51 MB capacity,    18.20 MB ( 98%) used,   274.45 KB (  1%) free+waste,    40.38 KB ( <1%) overhead. 

Virtual space:
  Non-class space:       18.00 MB reserved,      16.50 MB ( 92%) committed 
      Class space:        1.00 GB reserved,       2.13 MB ( <1%) committed 
             Both:        1.02 GB reserved,      18.63 MB (  2%) committed 

Chunk freelists:
   Non-Class:  6.88 KB
       Class:  3.75 KB
        Both:  10.63 KB

CodeHeap 'non-profiled nmethods': size=120000Kb used=1146Kb max_used=1146Kb free=118853Kb
 bounds [0x0000017b6bc60000, 0x0000017b6bed0000, 0x0000017b73190000]
CodeHeap 'profiled nmethods': size=120000Kb used=5141Kb max_used=5141Kb free=114858Kb
 bounds [0x0000017b64730000, 0x0000017b64c40000, 0x0000017b6bc60000]
CodeHeap 'non-nmethods': size=5760Kb used=2282Kb max_used=2363Kb free=3477Kb
 bounds [0x0000017b64190000, 0x0000017b64400000, 0x0000017b64730000]
 total_blobs=3472 nmethods=2271 adapters=647
 compilation: enabled
              stopped_count=0, restarted_count=0
 full_count=0

Compilation events (10 events):
Event: 4.239 Thread 0x0000017b7a9d1000 2267       3       org.apache.xmlbeans.impl.values.NamespaceContext::getNamespaceContextStack (32 bytes)
Event: 4.239 Thread 0x0000017b7a9d1000 nmethod 2267 0x0000017b64c32690 code [0x0000017b64c328c0, 0x0000017b64c33140]
Event: 1682.512 Thread 0x0000017b7a9d1000 2268       3       java.lang.ref.ReferenceQueue::reallyPoll (65 bytes)
Event: 1682.513 Thread 0x0000017b7a9d1000 nmethod 2268 0x0000017b64c33390 code [0x0000017b64c33580, 0x0000017b64c33b18]
Event: 10544.395 Thread 0x0000017b7a9d1000 2271   !   3       java.lang.ref.ReferenceQueue::remove (125 bytes)
Event: 10544.404 Thread 0x0000017b7a9d1000 nmethod 2271 0x0000017b64c33c10 code [0x0000017b64c33e60, 0x0000017b64c34820]
Event: 10604.396 Thread 0x0000017b7a9d1000 2272   !   3       jdk.internal.ref.PhantomCleanable::isListEmpty (34 bytes)
Event: 10604.397 Thread 0x0000017b7a9d1000 nmethod 2272 0x0000017b64c34b90 code [0x0000017b64c34d60, 0x0000017b64c35118]
Event: 10604.397 Thread 0x0000017b7a9d1000 2273       3       jdk.internal.misc.InnocuousThread::eraseThreadLocals (23 bytes)
Event: 10604.397 Thread 0x0000017b7a9d1000 nmethod 2273 0x0000017b64c35290 code [0x0000017b64c35460, 0x0000017b64c356b8]

GC Heap History (4 events):
Event: 1.613 GC heap before
{Heap before GC invocations=0 (full 0):
 garbage-first heap   total 129024K, used 24576K [0x0000000082600000, 0x0000000100000000)
  region size 1024K, 24 young (24576K), 0 survivors (0K)
 Metaspace       used 8976K, capacity 9187K, committed 9344K, reserved 1056768K
  class space    used 966K, capacity 1041K, committed 1152K, reserved 1048576K
}
Event: 1.621 GC heap after
{Heap after GC invocations=1 (full 0):
 garbage-first heap   total 129024K, used 7256K [0x0000000082600000, 0x0000000100000000)
  region size 1024K, 3 young (3072K), 3 survivors (3072K)
 Metaspace       used 8976K, capacity 9187K, committed 9344K, reserved 1056768K
  class space    used 966K, capacity 1041K, committed 1152K, reserved 1048576K
}
Event: 2.482 GC heap before
{Heap before GC invocations=1 (full 0):
 garbage-first heap   total 129024K, used 26712K [0x0000000082600000, 0x0000000100000000)
  region size 1024K, 19 young (19456K), 3 survivors (3072K)
 Metaspace       used 12145K, capacity 12369K, committed 12672K, reserved 1060864K
  class space    used 1252K, capacity 1312K, committed 1408K, reserved 1048576K
}
Event: 2.490 GC heap after
{Heap after GC invocations=2 (full 0):
 garbage-first heap   total 129024K, used 10304K [0x0000000082600000, 0x0000000100000000)
  region size 1024K, 3 young (3072K), 3 survivors (3072K)
 Metaspace       used 12145K, capacity 12369K, committed 12672K, reserved 1060864K
  class space    used 1252K, capacity 1312K, committed 1408K, reserved 1048576K
}

Deoptimization events (10 events):
Event: 4.126 Thread 0x0000017b5bd90800 Uncommon trap: reason=class_check action=maybe_recompile pc=0x0000017b6bd42200 method=java.io.FilterInputStream.read([BII)I @ 7 c2
Event: 4.126 Thread 0x0000017b5bd90800 Uncommon trap: reason=class_check action=maybe_recompile pc=0x0000017b6bd42200 method=java.io.FilterInputStream.read([BII)I @ 7 c2
Event: 4.131 Thread 0x0000017b5bd90800 Uncommon trap: reason=class_check action=maybe_recompile pc=0x0000017b6bd381cc method=java.io.FilterInputStream.read()I @ 4 c2
Event: 4.131 Thread 0x0000017b5bd90800 Uncommon trap: reason=class_check action=maybe_recompile pc=0x0000017b6bd381cc method=java.io.FilterInputStream.read()I @ 4 c2
Event: 4.131 Thread 0x0000017b5bd90800 Uncommon trap: reason=class_check action=maybe_recompile pc=0x0000017b6bd381cc method=java.io.FilterInputStream.read()I @ 4 c2
Event: 4.131 Thread 0x0000017b5bd90800 Uncommon trap: reason=class_check action=maybe_recompile pc=0x0000017b6bd381cc method=java.io.FilterInputStream.read()I @ 4 c2
Event: 4.208 Thread 0x0000017b5bd90800 Uncommon trap: reason=unstable_if action=reinterpret pc=0x0000017b6bd48750 method=org.apache.xmlbeans.impl.store.Xobj.isNormal(I)Z @ 39 c2
Event: 4.212 Thread 0x0000017b5bd90800 Uncommon trap: reason=unhandled action=none pc=0x0000017b6bd71ac4 method=com.sun.org.apache.xerces.internal.impl.XMLEntityScanner.load(IZZ)Z @ 171 c2
Event: 4.217 Thread 0x0000017b5bd90800 Uncommon trap: reason=unhandled action=none pc=0x0000017b6bd71ac4 method=com.sun.org.apache.xerces.internal.impl.XMLEntityScanner.load(IZZ)Z @ 171 c2
Event: 4.231 Thread 0x0000017b5bd90800 Uncommon trap: reason=unhandled action=none pc=0x0000017b6bd71ac4 method=com.sun.org.apache.xerces.internal.impl.XMLEntityScanner.load(IZZ)Z @ 171 c2

Classes redefined (7 events):
Event: 381.356 Thread 0x0000017b7a99e000 redefined class name=com.bpci.testCases.GetEventDetailsBasedOnEpisode, count=1
Event: 449.522 Thread 0x0000017b7a99e000 redefined class name=com.bpci.testCases.GetEventDetailsBasedOnEpisode, count=2
Event: 666.919 Thread 0x0000017b7a99e000 redefined class name=com.bpci.testCases.GetEventDetailsBasedOnEpisode, count=3
Event: 717.196 Thread 0x0000017b7a99e000 redefined class name=com.bpci.testCases.GetEventDetailsBasedOnEpisode, count=4
Event: 1071.471 Thread 0x0000017b7a99e000 redefined class name=com.bpci.testCases.GetEventDetailsBasedOnEpisode, count=5
Event: 1112.247 Thread 0x0000017b7a99e000 redefined class name=com.bpci.testCases.GetEventDetailsBasedOnEpisode, count=6
Event: 28516.978 Thread 0x0000017b7a99e000 redefined class name=com.bpci.base.TestBase, count=1

Internal exceptions (10 events):
Event: 2.399 Thread 0x0000017b5bd90800 Exception <a 'java/lang/ClassNotFoundException'{0x000000008956cce8}: io/restassured/internal/ResponseSpecificationImplBeanInfo> (0x000000008956cce8) thrown at [t:/workspace/open/src/hotspot/share/classfile/systemDictionary.cpp, line 235]
Event: 2.400 Thread 0x0000017b5bd90800 Exception <a 'java/lang/ClassNotFoundException'{0x0000000089574930}: io/restassured/internal/ResponseSpecificationImplCustomizer> (0x0000000089574930) thrown at [t:/workspace/open/src/hotspot/share/classfile/systemDictionary.cpp, line 235]
Event: 2.417 Thread 0x0000017b5bd90800 Exception <a 'java/lang/ClassNotFoundException'{0x00000000895c6e90}: org/apache/commons/lang3/ValidateBeanInfo> (0x00000000895c6e90) thrown at [t:/workspace/open/src/hotspot/share/classfile/systemDictionary.cpp, line 235]
Event: 2.419 Thread 0x0000017b5bd90800 Exception <a 'java/lang/ClassNotFoundException'{0x00000000895cdca0}: org/apache/commons/lang3/ValidateCustomizer> (0x00000000895cdca0) thrown at [t:/workspace/open/src/hotspot/share/classfile/systemDictionary.cpp, line 235]
Event: 2.445 Thread 0x0000017b5bd90800 Exception <a 'java/lang/ClassNotFoundException'{0x0000000089445d58}: io/restassured/internal/TestSpecificationImplBeanInfo> (0x0000000089445d58) thrown at [t:/workspace/open/src/hotspot/share/classfile/systemDictionary.cpp, line 235]
Event: 2.446 Thread 0x0000017b5bd90800 Exception <a 'java/lang/ClassNotFoundException'{0x000000008944d2c8}: io/restassured/internal/TestSpecificationImplCustomizer> (0x000000008944d2c8) thrown at [t:/workspace/open/src/hotspot/share/classfile/systemDictionary.cpp, line 235]
Event: 2.583 Thread 0x0000017b5bd90800 Exception <a 'java/lang/NoSuchMethodError'{0x000000008a2c4810}: java.lang.invoke.DirectMethodHandle$Holder.invokeSpecialIFC(Ljava/lang/Object;Ljava/lang/Object;I)I> (0x000000008a2c4810) thrown at [t:/workspace/open/src/hotspot/share/interpreter/linkResolv
Event: 2.713 Thread 0x0000017b5bd90800 Exception <a 'java/lang/NoSuchMethodError'{0x0000000089f666a0}: java.lang.invoke.DirectMethodHandle$Holder.invokeStaticInit(Ljava/lang/Object;Ljava/lang/Object;Ljava/lang/Object;)I> (0x0000000089f666a0) thrown at [t:/workspace/open/src/hotspot/share/inter
Event: 2.738 Thread 0x0000017b5bd90800 Exception <a 'java/lang/NoSuchMethodError'{0x0000000089fe9668}: java.lang.invoke.DirectMethodHandle$Holder.invokeStaticInit(Ljava/lang/Object;Ljava/lang/Object;Ljava/lang/Object;)Ljava/lang/Object;> (0x0000000089fe9668) thrown at [t:/workspace/open/src/ho
Event: 3.142 Thread 0x0000017b5bd90800 Implicit null exception at 0x0000017b6bca1108 to 0x0000017b6bca119a

Events (10 events):
Event: 76278.906 Executing VM operation: GetCurrentContendedMonitor done
Event: 76278.907 Executing VM operation: GetOwnedMonitorInfo
Event: 76278.907 Executing VM operation: GetOwnedMonitorInfo done
Event: 76279.037 Executing VM operation: GetCurrentContendedMonitor
Event: 76279.037 Executing VM operation: GetCurrentContendedMonitor done
Event: 76279.037 Executing VM operation: GetOwnedMonitorInfo
Event: 76279.037 Executing VM operation: GetOwnedMonitorInfo done
Event: 76402.628 Executing VM operation: GetFrameLocation
Event: 76402.628 Executing VM operation: GetFrameLocation done
Event: 76402.628 Executing VM operation: GetOrSetLocal


Dynamic libraries:
0x00007ff6dc380000 - 0x00007ff6dc38f000 	C:\Program Files\Java\jdk-12.0.1\bin\javaw.exe
0x00007ffc67330000 - 0x00007ffc67511000 	C:\windows\SYSTEM32\ntdll.dll
0x00007ffc3d360000 - 0x00007ffc3d386000 	C:\Program Files\Cylance\Desktop\CyMemDef64.dll
0x00007ffc655f0000 - 0x00007ffc656a1000 	C:\windows\System32\KERNEL32.DLL
0x00007ffc63700000 - 0x00007ffc63973000 	C:\windows\System32\KERNELBASE.dll
0x00007ffc646c0000 - 0x00007ffc647b8000 	C:\windows\System32\ucrtbase.dll
0x00007ffc56eb0000 - 0x00007ffc56ec8000 	C:\Program Files\Java\jdk-12.0.1\bin\jli.dll
0x00007ffc64b80000 - 0x00007ffc64c21000 	C:\windows\System32\ADVAPI32.dll
0x00007ffc67260000 - 0x00007ffc672fe000 	C:\windows\System32\msvcrt.dll
0x00007ffc652c0000 - 0x00007ffc6531b000 	C:\windows\System32\sechost.dll
0x00007ffc64cb0000 - 0x00007ffc64dd4000 	C:\windows\System32\RPCRT4.dll
0x00007ffc656b0000 - 0x00007ffc65840000 	C:\windows\System32\USER32.dll
0x00007ffc63e40000 - 0x00007ffc63e60000 	C:\windows\System32\win32u.dll
0x00007ffc64b50000 - 0x00007ffc64b78000 	C:\windows\System32\GDI32.dll
0x00007ffc63a60000 - 0x00007ffc63bf1000 	C:\windows\System32\gdi32full.dll
0x00007ffc63e60000 - 0x00007ffc63eff000 	C:\windows\System32\msvcp_win.dll
0x00007ffc52c50000 - 0x00007ffc52c66000 	C:\Program Files\Java\jdk-12.0.1\bin\VCRUNTIME140.dll
0x00007ffc56040000 - 0x00007ffc562a9000 	C:\windows\WinSxS\amd64_microsoft.windows.common-controls_6595b64144ccf1df_6.0.17134.885_none_fb42a3473065565f\COMCTL32.dll
0x00007ffc64f90000 - 0x00007ffc652b2000 	C:\windows\System32\combase.dll
0x00007ffc63980000 - 0x00007ffc639f9000 	C:\windows\System32\bcryptPrimitives.dll
0x00007ffc62760000 - 0x00007ffc6276a000 	C:\windows\SYSTEM32\VERSION.dll
0x00007ffc64de0000 - 0x00007ffc64e0d000 	C:\windows\System32\IMM32.DLL
0x00007ffc4de90000 - 0x00007ffc4df3a000 	C:\Program Files\Java\jdk-12.0.1\bin\msvcp140.dll
0x00007ffbe7cb0000 - 0x00007ffbe8824000 	C:\Program Files\Java\jdk-12.0.1\bin\server\jvm.dll
0x00007ffc66c80000 - 0x00007ffc66c88000 	C:\windows\System32\PSAPI.DLL
0x00007ffc50340000 - 0x00007ffc50349000 	C:\windows\SYSTEM32\WSOCK32.dll
0x00007ffc671d0000 - 0x00007ffc6723c000 	C:\windows\System32\WS2_32.dll
0x00007ffc5f960000 - 0x00007ffc5f983000 	C:\windows\SYSTEM32\WINMM.dll
0x00007ffc5f750000 - 0x00007ffc5f77a000 	C:\windows\SYSTEM32\WINMMBASE.dll
0x00007ffc63c00000 - 0x00007ffc63c49000 	C:\windows\System32\cfgmgr32.dll
0x00007ffc63670000 - 0x00007ffc63681000 	C:\windows\System32\kernel.appcore.dll
0x00007ffc4f550000 - 0x00007ffc4f561000 	C:\Program Files\Java\jdk-12.0.1\bin\verify.dll
0x00007ffc61f60000 - 0x00007ffc62129000 	C:\windows\SYSTEM32\DBGHELP.DLL
0x00007ffc2f2b0000 - 0x00007ffc2f2d9000 	C:\windows\SYSTEM32\dbgcore.DLL
0x00007ffc4dfd0000 - 0x00007ffc4dff6000 	C:\Program Files\Java\jdk-12.0.1\bin\java.dll
0x00007ffc4c700000 - 0x00007ffc4c738000 	C:\Program Files\Java\jdk-12.0.1\bin\jdwp.dll
0x00007ffc4f530000 - 0x00007ffc4f547000 	C:\Program Files\Java\jdk-12.0.1\bin\zip.dll
0x00007ffc60750000 - 0x00007ffc6075a000 	C:\Program Files\Java\jdk-12.0.1\bin\jimage.dll
0x00007ffc65840000 - 0x00007ffc66c80000 	C:\windows\System32\SHELL32.dll
0x00007ffc65380000 - 0x00007ffc65429000 	C:\windows\System32\shcore.dll
0x00007ffc63f00000 - 0x00007ffc6460d000 	C:\windows\System32\windows.storage.dll
0x00007ffc65320000 - 0x00007ffc65371000 	C:\windows\System32\shlwapi.dll
0x00007ffc636e0000 - 0x00007ffc636ff000 	C:\windows\System32\profapi.dll
0x00007ffc63690000 - 0x00007ffc636dc000 	C:\windows\System32\powrprof.dll
0x00007ffc63660000 - 0x00007ffc6366a000 	C:\windows\System32\FLTLIB.DLL
0x00007ffc5f730000 - 0x00007ffc5f73a000 	C:\Program Files\Java\jdk-12.0.1\bin\dt_socket.dll
0x00007ffc62ec0000 - 0x00007ffc62f26000 	C:\windows\System32\mswsock.dll
0x00007ffc62c90000 - 0x00007ffc62d4e000 	C:\windows\SYSTEM32\DNSAPI.dll
0x00007ffc648c0000 - 0x00007ffc648c8000 	C:\windows\System32\NSI.dll
0x00007ffc62c50000 - 0x00007ffc62c88000 	C:\windows\SYSTEM32\IPHLPAPI.DLL
0x0000000074800000 - 0x0000000074826000 	C:\Program Files\Bonjour\mdnsNSP.dll
0x00007ffc56950000 - 0x00007ffc569c2000 	C:\windows\System32\fwpuclnt.dll
0x00007ffc631a0000 - 0x00007ffc631c5000 	C:\windows\SYSTEM32\bcrypt.dll
0x00007ffc2c3b0000 - 0x00007ffc2c3ba000 	C:\Windows\System32\rasadhlp.dll
0x00007ffc4f1f0000 - 0x00007ffc4f209000 	C:\Program Files\Java\jdk-12.0.1\bin\net.dll
0x00007ffc5ee40000 - 0x00007ffc5ef1d000 	C:\windows\SYSTEM32\WINHTTP.dll
0x00007ffc50040000 - 0x00007ffc50209000 	C:\windows\SYSTEM32\urlmon.dll
0x00007ffc4fd90000 - 0x00007ffc50036000 	C:\windows\SYSTEM32\iertutil.dll
0x00007ffc63090000 - 0x00007ffc6309b000 	C:\windows\SYSTEM32\CRYPTBASE.DLL
0x00007ffc4c680000 - 0x00007ffc4c693000 	C:\Program Files\Java\jdk-12.0.1\bin\nio.dll
0x00007ffc63070000 - 0x00007ffc63087000 	C:\windows\SYSTEM32\CRYPTSP.dll
0x00007ffc62ab0000 - 0x00007ffc62ae3000 	C:\windows\system32\rsaenh.dll
0x00007ffc63570000 - 0x00007ffc63598000 	C:\windows\SYSTEM32\USERENV.dll
0x00007ffc57cb0000 - 0x00007ffc57cc6000 	C:\windows\SYSTEM32\dhcpcsvc6.DLL
0x00007ffc59180000 - 0x00007ffc5919a000 	C:\windows\SYSTEM32\dhcpcsvc.DLL

dbghelp: loaded successfully - version: 4.0.5 - missing functions: none
symbol engine: initialized successfully - sym options: 0x614 - pdb path: .;C:\Program Files\Java\jdk-12.0.1\bin;C:\windows\SYSTEM32;C:\Program Files\Cylance\Desktop;C:\windows\WinSxS\amd64_microsoft.windows.common-controls_6595b64144ccf1df_6.0.17134.885_none_fb42a3473065565f;C:\Program Files\Java\jdk-12.0.1\bin\server;C:\Program Files\Bonjour

VM Arguments:
jvm_args: -agentlib:jdwp=transport=dt_socket,suspend=y,address=localhost:53441 -ea -Dfile.encoding=Cp1252 
java_command: org.testng.remote.RemoteTestNG -serport 53440 -protocol json -d C:\Users\Neha\eclipse-workspace\BPCI_API\API_BPCI\test-output C:\Users\Neha\AppData\Local\Temp\testng-eclipse--108205315\testng-customsuite.xml
java_class_path (initial): C:\Users\Neha\eclipse\java-2019-03\eclipse\configuration\org.eclipse.osgi\484\0\.cp\lib\testng-remote.jar;C:\Users\Neha\.p2\pool\plugins\org.testng_6.14.3.r201802240500.jar;C:\Users\Neha\.p2\pool\plugins\com.beust.jcommander_1.72.0.jar;C:\Users\Neha\.p2\pool\plugins\org.apache-extras.beanshell.bsh_2.0.0.b6.jar;C:\Users\Neha\.p2\pool\plugins\org.yaml.snakeyaml_1.17.0.jar;C:\Users\Neha\eclipse-workspace\BPCI_API\API_BPCI\target\test-classes;C:\Users\Neha\eclipse-workspace\BPCI_API\API_BPCI\target\classes;C:\Users\Neha\Downloads\sqljdbc4-2.0.jar\sqljdbc4-2.0.jar;C:\Users\Neha\.m2\repository\io\rest-assured\rest-assured\3.0.0\rest-assured-3.0.0.jar;C:\Users\Neha\.m2\repository\org\codehaus\groovy\groovy\2.4.6\groovy-2.4.6.jar;C:\Users\Neha\.m2\repository\org\codehaus\groovy\groovy-xml\2.4.6\groovy-xml-2.4.6.jar;C:\Users\Neha\.m2\repository\org\apache\httpcomponents\httpclient\4.5.2\httpclient-4.5.2.jar;C:\Users\Neha\.m2\repository\org\apache\httpcomponents\httpcore\4.4.4\httpcore-4.4.4.jar;C:\Users\Neha\.m2\repository\commons-logging\commons-logging\1.2\commons-logging-1.2.jar;C:\Users\Neha\.m2\repository\org\apache\httpcomponents\httpmime\4.5.1\httpmime-4.5.1.jar;C:\Users\Neha\.m2\repository\org\hamcrest\hamcrest-core\1.3\hamcrest-core-1.3.jar;C:\Users\Neha\.m2\repository\org\hamcrest\hamcrest-library\1.3\hamcrest-library-1.3.jar;C:\Users\Neha\.m2\repository\org\ccil\cowan\tagsoup\tagsoup\1.2.1\tagsoup-1.2.1.jar;C:\Users\Neha\.m2\repository\io\rest-assured\json-path\3.0.0\json-path-3.0.0.jar;C:\Users\Neha\.m2\repository\org\codehaus\groovy\groovy-json\2.4.6\groovy-json-2.4.6.jar;C:\Users\Neha\.m2\repository\io\rest-assured\rest-assured-common\3.0.0\rest-assured-common-3.0.0.jar;C:\Users\Neha\.m2\repository\io\rest-assured\xml-path\3.0.0\xml-path-3.0.0.jar;C:\Users\Neha\.m2\repository\org\apache\commons\commons-lang3\3.4\commons-lang3-3.4.jar;C:\Users\Neha\.m2\repository\org\testng\testng\6.8\testng-6.8.jar;C:\Users\Neha\.m2\repository\junit
Launcher Type: SUN_STANDARD

[Global flags]
     intx CICompilerCount                          = 4                                         {product} {ergonomic}
     uint ConcGCThreads                            = 2                                         {product} {ergonomic}
     uint G1ConcRefinementThreads                  = 8                                         {product} {ergonomic}
   size_t G1HeapRegionSize                         = 1048576                                   {product} {ergonomic}
    uintx GCDrainStackTargetSize                   = 64                                        {product} {ergonomic}
   size_t InitialHeapSize                          = 132120576                                 {product} {ergonomic}
   size_t MarkStackSize                            = 4194304                                   {product} {ergonomic}
   size_t MaxHeapSize                              = 2107637760                                {product} {ergonomic}
   size_t MaxNewSize                               = 1264582656                                {product} {ergonomic}
   size_t MinHeapDeltaBytes                        = 1048576                                   {product} {ergonomic}
    uintx NonNMethodCodeHeapSize                   = 5836300                                {pd product} {ergonomic}
    uintx NonProfiledCodeHeapSize                  = 122910970                              {pd product} {ergonomic}
    uintx ProfiledCodeHeapSize                     = 122910970                              {pd product} {ergonomic}
    uintx ReservedCodeCacheSize                    = 251658240                              {pd product} {ergonomic}
     bool SegmentedCodeCache                       = true                                      {product} {ergonomic}
     bool UseCompressedClassPointers               = true                                 {lp64_product} {ergonomic}
     bool UseCompressedOops                        = true                                 {lp64_product} {ergonomic}
     bool UseG1GC                                  = true                                      {product} {ergonomic}
     bool UseLargePagesIndividualAllocation        = false                                  {pd product} {ergonomic}

Logging:
Log output configuration:
 #0: stdout all=warning uptime,level,tags
 #1: stderr all=off uptime,level,tags

Environment Variables:
JAVA_HOME=C:\Program Files\Java\jdk-12.0.1\bin
PATH=C:/Program Files/Java/jdk-12.0.1/bin/server;C:/Program Files/Java/jdk-12.0.1/bin;C:\windows\system32;C:\windows;C:\windows\System32\Wbem;C:\windows\System32\WindowsPowerShell\v1.0\;C:\windows\System32\OpenSSH\;C:\Program Files\Microsoft SQL Server\Client SDK\ODBC\130\Tools\Binn\;C:\Program Files (x86)\Microsoft SQL Server\140\Tools\Binn\;C:\Program Files\Microsoft SQL Server\140\Tools\Binn\;C:\Program Files\Microsoft SQL Server\140\DTS\Binn\;C:\Program Files (x86)\Microsoft SQL Server\150\DTS\Binn\;C:\Program Files\Java\jdk-12.0.1\bin;C:\Program Files (x86)\Intel\Intel(R) Management Engine Components\DAL;C:\Program Files\Intel\Intel(R) Management Engine Components\DAL;C:\Program Files\Intel\WiFi\bin\;C:\Program Files\Common Files\Intel\WirelessCommon\;C:\Program Files (x86)\Microsoft SQL Server\Client SDK\ODBC\130\Tools\Binn\;C:\Program Files (x86)\Microsoft SQL Server\140\DTS\Binn\;C:\Program Files (x86)\Microsoft SQL Server\140\Tools\Binn\ManagementStudio\;C:\Program Files (x86)\Git\cmd;C:\Users\Neha\AppData\Local\Microsoft\WindowsApps;;C:\Users\Neha\eclipse\java-2019-03\eclipse;
USERNAME=Neha
OS=Windows_NT
PROCESSOR_IDENTIFIER=Intel64 Family 6 Model 142 Stepping 10, GenuineIntel



---------------  S Y S T E M  ---------------

OS: Windows 10 , 64 bit Build 17134 (10.0.17134.753)

CPU:total 8 (initial active 8) (4 cores per cpu, 2 threads per core) family 6 model 142 stepping 10, cmov, cx8, fxsr, mmx, sse, sse2, sse3, ssse3, sse4.1, sse4.2, popcnt, avx, avx2, aes, clmul, erms, 3dnowpref, lzcnt, ht, tsc, tscinvbit, bmi1, bmi2, adx, fma

Memory: 4k page, system-wide physical 8035M (2810M free)
TotalPageFile size 16236M (AvailPageFile size 6783M)
current process WorkingSet (physical memory assigned to process): 43M, peak: 159M
current process commit charge ("private bytes"): 254M, peak: 299M

vm_info: Java HotSpot(TM) 64-Bit Server VM (12.0.1+12) for windows-amd64 JRE (12.0.1+12), built on Apr  2 2019 14:02:19 by "mach5one" with MS VC++ 15.5 (VS2017)

END.
