#
# A fatal error has been detected by the Java Runtime Environment:
#
#  Internal Error (t:/workspace/open/src/hotspot/share/oops/generateOopMap.cpp:2164), pid=22352, tid=18364
#  fatal error: Illegal class file encountered. Try running with -Xverify:all in method validateEventDetails
#
# JRE version: Java(TM) SE Runtime Environment (12.0.1+12) (build 12.0.1+12)
# Java VM: Java HotSpot(TM) 64-Bit Server VM (12.0.1+12, mixed mode, sharing, tiered, compressed oops, g1 gc, windows-amd64)
# No core dump will be written. Minidumps are not enabled by default on client versions of Windows
#
# If you would like to submit a bug report, please visit:
#   http://bugreport.java.com/bugreport/crash.jsp
#

---------------  S U M M A R Y ------------

Command Line: -agentlib:jdwp=transport=dt_socket,suspend=y,address=localhost:53446 -ea -Dfile.encoding=Cp1252 org.testng.remote.RemoteTestNG -serport 53443 -protocol json -d C:\Users\Neha\eclipse-workspace\BPCI_API\API_BPCI\test-output C:\Users\Neha\AppData\Local\Temp\testng-eclipse-998332522\testng-customsuite.xml

Host: Intel(R) Core(TM) i5-8250U CPU @ 1.60GHz, 8 cores, 7G,  Windows 10 , 64 bit Build 17134 (10.0.17134.753)
Time: Tue Aug 13 11:02:37 2019 India Standard Time elapsed time: 75277 seconds (0d 20h 54m 37s)

---------------  T H R E A D  ---------------

Current thread (0x000002707c570000):  VMThread "VM Thread" [stack: 0x000000877a300000,0x000000877a400000] [id=18364]

Stack: [0x000000877a300000,0x000000877a400000]
[error occurred during error reporting (printing stack bounds), id 0xc0000005, EXCEPTION_ACCESS_VIOLATION (0xc0000005) at pc=0x0000027000000bad]

Native frames: (J=compiled Java code, j=interpreted, Vv=VM code, C=native code)
V  [jvm.dll+0x63948a]
V  [jvm.dll+0x78b31f]
V  [jvm.dll+0x78c9c1]
V  [jvm.dll+0x78cf75]
V  [jvm.dll+0x78cf2b]
V  [jvm.dll+0x638b84]
V  [jvm.dll+0x638f58]
C  [ntdll.dll+0x9f7dd]
C  [ntdll.dll+0xd856]
C  [ntdll.dll+0x9e70e]
C  0x0000027000000bad

VM_Operation (0x000000877abff580): GetOrSetLocal, mode: safepoint, requested by thread 0x000002707d02c800


---------------  P R O C E S S  ---------------

Threads class SMR info:
_java_thread_list=0x00000270126af4a0, length=14, elements={
0x000002706c960800, 0x000002707c571800, 0x000002707c574800, 0x000002707c590000,
0x000002707c591000, 0x000002707c593800, 0x000002707c5bb000, 0x000002707c5be000,
0x000002707d02c800, 0x000002707d02f800, 0x000002707d030800, 0x000002707d043000,
0x000002707d04f800, 0x000002707d81c800
}

Java Threads: ( => current thread )
  0x000002706c960800 JavaThread "main" [_thread_blocked, id=24768, stack(0x0000008779d00000,0x0000008779e00000)]
  0x000002707c571800 JavaThread "Reference Handler" daemon [_thread_blocked, id=21300, stack(0x000000877a400000,0x000000877a500000)]
  0x000002707c574800 JavaThread "Finalizer" daemon [_thread_blocked, id=2884, stack(0x000000877a500000,0x000000877a600000)]
  0x000002707c590000 JavaThread "Signal Dispatcher" daemon [_thread_blocked, id=5180, stack(0x000000877a600000,0x000000877a700000)]
  0x000002707c591000 JavaThread "Attach Listener" daemon [_thread_blocked, id=16232, stack(0x000000877a700000,0x000000877a800000)]
  0x000002707c593800 JavaThread "C2 CompilerThread0" daemon [_thread_blocked, id=14932, stack(0x000000877a800000,0x000000877a900000)]
  0x000002707c5bb000 JavaThread "C1 CompilerThread0" daemon [_thread_blocked, id=17444, stack(0x000000877a900000,0x000000877aa00000)]
  0x000002707c5be000 JavaThread "Sweeper thread" daemon [_thread_blocked, id=17328, stack(0x000000877aa00000,0x000000877ab00000)]
  0x000002707d02c800 JavaThread "JDWP Transport Listener: dt_socket" daemon [_thread_blocked, id=22240, stack(0x000000877ab00000,0x000000877ac00000)] _threads_hazard_ptr=0x00000270126af4a0
  0x000002707d02f800 JavaThread "JDWP Event Helper Thread" daemon [_thread_blocked, id=24552, stack(0x000000877ac00000,0x000000877ad00000)]
  0x000002707d030800 JavaThread "JDWP Command Reader" daemon [_thread_in_native, id=22676, stack(0x000000877ad00000,0x000000877ae00000)]
  0x000002707d043000 JavaThread "Service Thread" daemon [_thread_blocked, id=15464, stack(0x000000877ae00000,0x000000877af00000)]
  0x000002707d04f800 JavaThread "Common-Cleaner" daemon [_thread_blocked, id=27436, stack(0x000000877b000000,0x000000877b100000)]
  0x000002707d81c800 JavaThread "ReaderThread" [_thread_in_native, id=23584, stack(0x000000877b200000,0x000000877b300000)]

Other Threads:
=>0x000002707c570000 VMThread "VM Thread" [stack: 0x000000877a300000,0x000000877a400000] [id=18364]
  0x000002707d04a800 WatcherThread [stack: 0x000000877af00000,0x000000877b000000] [id=6796]
  0x000002706c9a2800 GCTaskThread "GC Thread#0" [stack: 0x0000008779e00000,0x0000008779f00000] [id=8836]
  0x000002707ded7800 GCTaskThread "GC Thread#1" [stack: 0x000000877b300000,0x000000877b400000] [id=16020]
  0x000002707ded8000 GCTaskThread "GC Thread#2" [stack: 0x000000877b400000,0x000000877b500000] [id=26068]
  0x000002707dbcd800 GCTaskThread "GC Thread#3" [stack: 0x000000877b500000,0x000000877b600000] [id=26184]
  0x000002706c9b0000 ConcurrentGCThread "G1 Main Marker" [stack: 0x0000008779f00000,0x000000877a000000] [id=16416]
  0x000002706c9b2800 ConcurrentGCThread "G1 Conc#0" [stack: 0x000000877a000000,0x000000877a100000] [id=7984]
  0x000002706ca2e000 ConcurrentGCThread "G1 Refine#0" [stack: 0x000000877a100000,0x000000877a200000] [id=22668]
  0x000002707d10e000 ConcurrentGCThread "G1 Refine#1" [stack: 0x000000877b600000,0x000000877b700000] [id=25700]
  0x000002707da9f800 ConcurrentGCThread "G1 Refine#2" [stack: 0x000000877b700000,0x000000877b800000] [id=25676]
  0x000002707db25000 ConcurrentGCThread "G1 Refine#3" [stack: 0x000000877b800000,0x000000877b900000] [id=19536]
  0x000002707c3ee800 ConcurrentGCThread "G1 Young RemSet Sampling" [stack: 0x000000877a200000,0x000000877a300000] [id=27352]

Threads with active compile tasks:

VM state:at safepoint (normal execution)

VM Mutex/Monitor currently owned by a thread:  ([mutex/lock_event])
[0x000002706c95f2b0] Threads_lock - owner thread: 0x000002707c570000

Heap address: 0x0000000082600000, size: 2010 MB, Compressed Oops mode: 32-bit
Narrow klass base: 0x0000000800000000, Narrow klass shift: 3
Compressed class space size: 1073741824 Address: 0x00000008011a0000

Heap:
 garbage-first heap   total 129024K, used 15084K [0x0000000082600000, 0x0000000100000000)
  region size 1024K, 8 young (8192K), 5 survivors (5120K)
 Metaspace       used 18634K, capacity 18890K, committed 19072K, reserved 1067008K
  class space    used 2012K, capacity 2114K, committed 2176K, reserved 1048576K
Heap Regions: E=young(eden), S=young(survivor), O=old, HS=humongous(starts), HC=humongous(continues), CS=collection set, F=free, A=archive, TAMS=top-at-mark-start (previous, next)
|   0|0x0000000082600000, 0x0000000082700000, 0x0000000082700000|100%|HS|  |TAMS 0x0000000082600000, 0x0000000082600000| Complete 
|   1|0x0000000082700000, 0x0000000082800000, 0x0000000082800000|100%| O|  |TAMS 0x0000000082700000, 0x0000000082700000| Untracked 
|   2|0x0000000082800000, 0x0000000082900000, 0x0000000082900000|100%| O|  |TAMS 0x0000000082800000, 0x0000000082800000| Untracked 
|   3|0x0000000082900000, 0x0000000082a00000, 0x0000000082a00000|100%| O|  |TAMS 0x0000000082900000, 0x0000000082900000| Untracked 
|   4|0x0000000082a00000, 0x0000000082b00000, 0x0000000082b00000|100%| O|  |TAMS 0x0000000082a00000, 0x0000000082a00000| Untracked 
|   5|0x0000000082b00000, 0x0000000082c00000, 0x0000000082c00000|100%| O|  |TAMS 0x0000000082b00000, 0x0000000082b00000| Untracked 
|   6|0x0000000082c00000, 0x0000000082d00000, 0x0000000082d00000|100%| O|  |TAMS 0x0000000082c00000, 0x0000000082c00000| Untracked 
|   7|0x0000000082d00000, 0x0000000082dbb000, 0x0000000082e00000| 73%| O|  |TAMS 0x0000000082d00000, 0x0000000082d00000| Untracked 
|   8|0x0000000082e00000, 0x0000000082e00000, 0x0000000082f00000|  0%| F|  |TAMS 0x0000000082e00000, 0x0000000082e00000| Untracked 
|   9|0x0000000082f00000, 0x0000000082f00000, 0x0000000083000000|  0%| F|  |TAMS 0x0000000082f00000, 0x0000000082f00000| Untracked 
|  10|0x0000000083000000, 0x0000000083000000, 0x0000000083100000|  0%| F|  |TAMS 0x0000000083000000, 0x0000000083000000| Untracked 
|  11|0x0000000083100000, 0x0000000083100000, 0x0000000083200000|  0%| F|  |TAMS 0x0000000083100000, 0x0000000083100000| Untracked 
|  12|0x0000000083200000, 0x0000000083200000, 0x0000000083300000|  0%| F|  |TAMS 0x0000000083200000, 0x0000000083200000| Untracked 
|  13|0x0000000083300000, 0x0000000083300000, 0x0000000083400000|  0%| F|  |TAMS 0x0000000083300000, 0x0000000083300000| Untracked 
|  14|0x0000000083400000, 0x0000000083400000, 0x0000000083500000|  0%| F|  |TAMS 0x0000000083400000, 0x0000000083400000| Untracked 
|  15|0x0000000083500000, 0x0000000083500000, 0x0000000083600000|  0%| F|  |TAMS 0x0000000083500000, 0x0000000083500000| Untracked 
|  16|0x0000000083600000, 0x0000000083600000, 0x0000000083700000|  0%| F|  |TAMS 0x0000000083600000, 0x0000000083600000| Untracked 
|  17|0x0000000083700000, 0x0000000083700000, 0x0000000083800000|  0%| F|  |TAMS 0x0000000083700000, 0x0000000083700000| Untracked 
|  18|0x0000000083800000, 0x0000000083800000, 0x0000000083900000|  0%| F|  |TAMS 0x0000000083800000, 0x0000000083800000| Untracked 
|  19|0x0000000083900000, 0x0000000083900000, 0x0000000083a00000|  0%| F|  |TAMS 0x0000000083900000, 0x0000000083900000| Untracked 
|  20|0x0000000083a00000, 0x0000000083a00000, 0x0000000083b00000|  0%| F|  |TAMS 0x0000000083a00000, 0x0000000083a00000| Untracked 
|  21|0x0000000083b00000, 0x0000000083b00000, 0x0000000083c00000|  0%| F|  |TAMS 0x0000000083b00000, 0x0000000083b00000| Untracked 
|  22|0x0000000083c00000, 0x0000000083c00000, 0x0000000083d00000|  0%| F|  |TAMS 0x0000000083c00000, 0x0000000083c00000| Untracked 
|  23|0x0000000083d00000, 0x0000000083d00000, 0x0000000083e00000|  0%| F|  |TAMS 0x0000000083d00000, 0x0000000083d00000| Untracked 
|  24|0x0000000083e00000, 0x0000000083e00000, 0x0000000083f00000|  0%| F|  |TAMS 0x0000000083e00000, 0x0000000083e00000| Untracked 
|  25|0x0000000083f00000, 0x0000000083f00000, 0x0000000084000000|  0%| F|  |TAMS 0x0000000083f00000, 0x0000000083f00000| Untracked 
|  26|0x0000000084000000, 0x0000000084000000, 0x0000000084100000|  0%| F|  |TAMS 0x0000000084000000, 0x0000000084000000| Untracked 
|  27|0x0000000084100000, 0x0000000084100000, 0x0000000084200000|  0%| F|  |TAMS 0x0000000084100000, 0x0000000084100000| Untracked 
|  28|0x0000000084200000, 0x0000000084200000, 0x0000000084300000|  0%| F|  |TAMS 0x0000000084200000, 0x0000000084200000| Untracked 
|  29|0x0000000084300000, 0x0000000084300000, 0x0000000084400000|  0%| F|  |TAMS 0x0000000084300000, 0x0000000084300000| Untracked 
|  30|0x0000000084400000, 0x0000000084400000, 0x0000000084500000|  0%| F|  |TAMS 0x0000000084400000, 0x0000000084400000| Untracked 
|  31|0x0000000084500000, 0x0000000084500000, 0x0000000084600000|  0%| F|  |TAMS 0x0000000084500000, 0x0000000084500000| Untracked 
|  32|0x0000000084600000, 0x0000000084600000, 0x0000000084700000|  0%| F|  |TAMS 0x0000000084600000, 0x0000000084600000| Untracked 
|  33|0x0000000084700000, 0x0000000084700000, 0x0000000084800000|  0%| F|  |TAMS 0x0000000084700000, 0x0000000084700000| Untracked 
|  34|0x0000000084800000, 0x0000000084800000, 0x0000000084900000|  0%| F|  |TAMS 0x0000000084800000, 0x0000000084800000| Untracked 
|  35|0x0000000084900000, 0x0000000084900000, 0x0000000084a00000|  0%| F|  |TAMS 0x0000000084900000, 0x0000000084900000| Untracked 
|  36|0x0000000084a00000, 0x0000000084a00000, 0x0000000084b00000|  0%| F|  |TAMS 0x0000000084a00000, 0x0000000084a00000| Untracked 
|  37|0x0000000084b00000, 0x0000000084b00000, 0x0000000084c00000|  0%| F|  |TAMS 0x0000000084b00000, 0x0000000084b00000| Untracked 
|  38|0x0000000084c00000, 0x0000000084c00000, 0x0000000084d00000|  0%| F|  |TAMS 0x0000000084c00000, 0x0000000084c00000| Untracked 
|  39|0x0000000084d00000, 0x0000000084d00000, 0x0000000084e00000|  0%| F|  |TAMS 0x0000000084d00000, 0x0000000084d00000| Untracked 
|  40|0x0000000084e00000, 0x0000000084e00000, 0x0000000084f00000|  0%| F|  |TAMS 0x0000000084e00000, 0x0000000084e00000| Untracked 
|  41|0x0000000084f00000, 0x0000000084f00000, 0x0000000085000000|  0%| F|  |TAMS 0x0000000084f00000, 0x0000000084f00000| Untracked 
|  42|0x0000000085000000, 0x0000000085000000, 0x0000000085100000|  0%| F|  |TAMS 0x0000000085000000, 0x0000000085000000| Untracked 
|  43|0x0000000085100000, 0x0000000085100000, 0x0000000085200000|  0%| F|  |TAMS 0x0000000085100000, 0x0000000085100000| Untracked 
|  44|0x0000000085200000, 0x0000000085200000, 0x0000000085300000|  0%| F|  |TAMS 0x0000000085200000, 0x0000000085200000| Untracked 
|  45|0x0000000085300000, 0x0000000085300000, 0x0000000085400000|  0%| F|  |TAMS 0x0000000085300000, 0x0000000085300000| Untracked 
|  46|0x0000000085400000, 0x0000000085400000, 0x0000000085500000|  0%| F|  |TAMS 0x0000000085400000, 0x0000000085400000| Untracked 
|  47|0x0000000085500000, 0x0000000085500000, 0x0000000085600000|  0%| F|  |TAMS 0x0000000085500000, 0x0000000085500000| Untracked 
|  48|0x0000000085600000, 0x0000000085600000, 0x0000000085700000|  0%| F|  |TAMS 0x0000000085600000, 0x0000000085600000| Untracked 
|  49|0x0000000085700000, 0x0000000085700000, 0x0000000085800000|  0%| F|  |TAMS 0x0000000085700000, 0x0000000085700000| Untracked 
|  50|0x0000000085800000, 0x0000000085800000, 0x0000000085900000|  0%| F|  |TAMS 0x0000000085800000, 0x0000000085800000| Untracked 
|  51|0x0000000085900000, 0x0000000085900000, 0x0000000085a00000|  0%| F|  |TAMS 0x0000000085900000, 0x0000000085900000| Untracked 
|  52|0x0000000085a00000, 0x0000000085a00000, 0x0000000085b00000|  0%| F|  |TAMS 0x0000000085a00000, 0x0000000085a00000| Untracked 
|  53|0x0000000085b00000, 0x0000000085b00000, 0x0000000085c00000|  0%| F|  |TAMS 0x0000000085b00000, 0x0000000085b00000| Untracked 
|  54|0x0000000085c00000, 0x0000000085c00000, 0x0000000085d00000|  0%| F|  |TAMS 0x0000000085c00000, 0x0000000085c00000| Untracked 
|  55|0x0000000085d00000, 0x0000000085d00000, 0x0000000085e00000|  0%| F|  |TAMS 0x0000000085d00000, 0x0000000085d00000| Untracked 
|  56|0x0000000085e00000, 0x0000000085e00000, 0x0000000085f00000|  0%| F|  |TAMS 0x0000000085e00000, 0x0000000085e00000| Untracked 
|  57|0x0000000085f00000, 0x0000000085f00000, 0x0000000086000000|  0%| F|  |TAMS 0x0000000085f00000, 0x0000000085f00000| Untracked 
|  58|0x0000000086000000, 0x0000000086000000, 0x0000000086100000|  0%| F|  |TAMS 0x0000000086000000, 0x0000000086000000| Untracked 
|  59|0x0000000086100000, 0x0000000086100000, 0x0000000086200000|  0%| F|  |TAMS 0x0000000086100000, 0x0000000086100000| Untracked 
|  60|0x0000000086200000, 0x0000000086200000, 0x0000000086300000|  0%| F|  |TAMS 0x0000000086200000, 0x0000000086200000| Untracked 
|  61|0x0000000086300000, 0x0000000086300000, 0x0000000086400000|  0%| F|  |TAMS 0x0000000086300000, 0x0000000086300000| Untracked 
|  62|0x0000000086400000, 0x0000000086400000, 0x0000000086500000|  0%| F|  |TAMS 0x0000000086400000, 0x0000000086400000| Untracked 
|  63|0x0000000086500000, 0x0000000086500000, 0x0000000086600000|  0%| F|  |TAMS 0x0000000086500000, 0x0000000086500000| Untracked 
|  64|0x0000000086600000, 0x0000000086600000, 0x0000000086700000|  0%| F|  |TAMS 0x0000000086600000, 0x0000000086600000| Untracked 
|  65|0x0000000086700000, 0x0000000086700000, 0x0000000086800000|  0%| F|  |TAMS 0x0000000086700000, 0x0000000086700000| Untracked 
|  66|0x0000000086800000, 0x0000000086800000, 0x0000000086900000|  0%| F|  |TAMS 0x0000000086800000, 0x0000000086800000| Untracked 
|  67|0x0000000086900000, 0x0000000086900000, 0x0000000086a00000|  0%| F|  |TAMS 0x0000000086900000, 0x0000000086900000| Untracked 
|  68|0x0000000086a00000, 0x0000000086a00000, 0x0000000086b00000|  0%| F|  |TAMS 0x0000000086a00000, 0x0000000086a00000| Untracked 
|  69|0x0000000086b00000, 0x0000000086b00000, 0x0000000086c00000|  0%| F|  |TAMS 0x0000000086b00000, 0x0000000086b00000| Untracked 
|  70|0x0000000086c00000, 0x0000000086c00000, 0x0000000086d00000|  0%| F|  |TAMS 0x0000000086c00000, 0x0000000086c00000| Untracked 
|  71|0x0000000086d00000, 0x0000000086d00000, 0x0000000086e00000|  0%| F|  |TAMS 0x0000000086d00000, 0x0000000086d00000| Untracked 
|  72|0x0000000086e00000, 0x0000000086e00000, 0x0000000086f00000|  0%| F|  |TAMS 0x0000000086e00000, 0x0000000086e00000| Untracked 
|  73|0x0000000086f00000, 0x0000000086f00000, 0x0000000087000000|  0%| F|  |TAMS 0x0000000086f00000, 0x0000000086f00000| Untracked 
|  74|0x0000000087000000, 0x0000000087000000, 0x0000000087100000|  0%| F|  |TAMS 0x0000000087000000, 0x0000000087000000| Untracked 
|  75|0x0000000087100000, 0x0000000087100000, 0x0000000087200000|  0%| F|  |TAMS 0x0000000087100000, 0x0000000087100000| Untracked 
|  76|0x0000000087200000, 0x0000000087200000, 0x0000000087300000|  0%| F|  |TAMS 0x0000000087200000, 0x0000000087200000| Untracked 
|  77|0x0000000087300000, 0x0000000087300000, 0x0000000087400000|  0%| F|  |TAMS 0x0000000087300000, 0x0000000087300000| Untracked 
|  78|0x0000000087400000, 0x0000000087400000, 0x0000000087500000|  0%| F|  |TAMS 0x0000000087400000, 0x0000000087400000| Untracked 
|  79|0x0000000087500000, 0x0000000087500000, 0x0000000087600000|  0%| F|  |TAMS 0x0000000087500000, 0x0000000087500000| Untracked 
|  80|0x0000000087600000, 0x0000000087600000, 0x0000000087700000|  0%| F|  |TAMS 0x0000000087600000, 0x0000000087600000| Untracked 
|  81|0x0000000087700000, 0x0000000087700000, 0x0000000087800000|  0%| F|  |TAMS 0x0000000087700000, 0x0000000087700000| Untracked 
|  82|0x0000000087800000, 0x0000000087800000, 0x0000000087900000|  0%| F|  |TAMS 0x0000000087800000, 0x0000000087800000| Untracked 
|  83|0x0000000087900000, 0x0000000087900000, 0x0000000087a00000|  0%| F|  |TAMS 0x0000000087900000, 0x0000000087900000| Untracked 
|  84|0x0000000087a00000, 0x0000000087b00000, 0x0000000087b00000|100%| S|CS|TAMS 0x0000000087a00000, 0x0000000087a00000| Complete 
|  85|0x0000000087b00000, 0x0000000087c00000, 0x0000000087c00000|100%| S|CS|TAMS 0x0000000087b00000, 0x0000000087b00000| Complete 
|  86|0x0000000087c00000, 0x0000000087d00000, 0x0000000087d00000|100%| S|CS|TAMS 0x0000000087c00000, 0x0000000087c00000| Complete 
|  87|0x0000000087d00000, 0x0000000087e00000, 0x0000000087e00000|100%| S|CS|TAMS 0x0000000087d00000, 0x0000000087d00000| Complete 
|  88|0x0000000087e00000, 0x0000000087f00000, 0x0000000087f00000|100%| S|CS|TAMS 0x0000000087e00000, 0x0000000087e00000| Complete 
|  89|0x0000000087f00000, 0x0000000087f00000, 0x0000000088000000|  0%| F|  |TAMS 0x0000000087f00000, 0x0000000087f00000| Untracked 
|  90|0x0000000088000000, 0x0000000088000000, 0x0000000088100000|  0%| F|  |TAMS 0x0000000088000000, 0x0000000088000000| Untracked 
|  91|0x0000000088100000, 0x0000000088100000, 0x0000000088200000|  0%| F|  |TAMS 0x0000000088100000, 0x0000000088100000| Untracked 
|  92|0x0000000088200000, 0x0000000088200000, 0x0000000088300000|  0%| F|  |TAMS 0x0000000088200000, 0x0000000088200000| Untracked 
|  93|0x0000000088300000, 0x0000000088300000, 0x0000000088400000|  0%| F|  |TAMS 0x0000000088300000, 0x0000000088300000| Untracked 
|  94|0x0000000088400000, 0x0000000088400000, 0x0000000088500000|  0%| F|  |TAMS 0x0000000088400000, 0x0000000088400000| Untracked 
|  95|0x0000000088500000, 0x0000000088500000, 0x0000000088600000|  0%| F|  |TAMS 0x0000000088500000, 0x0000000088500000| Untracked 
|  96|0x0000000088600000, 0x0000000088600000, 0x0000000088700000|  0%| F|  |TAMS 0x0000000088600000, 0x0000000088600000| Untracked 
|  97|0x0000000088700000, 0x0000000088700000, 0x0000000088800000|  0%| F|  |TAMS 0x0000000088700000, 0x0000000088700000| Untracked 
|  98|0x0000000088800000, 0x0000000088800000, 0x0000000088900000|  0%| F|  |TAMS 0x0000000088800000, 0x0000000088800000| Untracked 
|  99|0x0000000088900000, 0x0000000088900000, 0x0000000088a00000|  0%| F|  |TAMS 0x0000000088900000, 0x0000000088900000| Untracked 
| 100|0x0000000088a00000, 0x0000000088a00000, 0x0000000088b00000|  0%| F|  |TAMS 0x0000000088a00000, 0x0000000088a00000| Untracked 
| 101|0x0000000088b00000, 0x0000000088b00000, 0x0000000088c00000|  0%| F|  |TAMS 0x0000000088b00000, 0x0000000088b00000| Untracked 
| 102|0x0000000088c00000, 0x0000000088c00000, 0x0000000088d00000|  0%| F|  |TAMS 0x0000000088c00000, 0x0000000088c00000| Untracked 
| 103|0x0000000088d00000, 0x0000000088d00000, 0x0000000088e00000|  0%| F|  |TAMS 0x0000000088d00000, 0x0000000088d00000| Untracked 
| 104|0x0000000088e00000, 0x0000000088e00000, 0x0000000088f00000|  0%| F|  |TAMS 0x0000000088e00000, 0x0000000088e00000| Untracked 
| 105|0x0000000088f00000, 0x0000000088f00000, 0x0000000089000000|  0%| F|  |TAMS 0x0000000088f00000, 0x0000000088f00000| Untracked 
| 106|0x0000000089000000, 0x0000000089000000, 0x0000000089100000|  0%| F|  |TAMS 0x0000000089000000, 0x0000000089000000| Untracked 
| 107|0x0000000089100000, 0x0000000089100000, 0x0000000089200000|  0%| F|  |TAMS 0x0000000089100000, 0x0000000089100000| Untracked 
| 108|0x0000000089200000, 0x0000000089200000, 0x0000000089300000|  0%| F|  |TAMS 0x0000000089200000, 0x0000000089200000| Untracked 
| 109|0x0000000089300000, 0x0000000089300000, 0x0000000089400000|  0%| F|  |TAMS 0x0000000089300000, 0x0000000089300000| Untracked 
| 110|0x0000000089400000, 0x0000000089400000, 0x0000000089500000|  0%| F|  |TAMS 0x0000000089400000, 0x0000000089400000| Untracked 
| 111|0x0000000089500000, 0x0000000089500000, 0x0000000089600000|  0%| F|  |TAMS 0x0000000089500000, 0x0000000089500000| Untracked 
| 112|0x0000000089600000, 0x0000000089600000, 0x0000000089700000|  0%| F|  |TAMS 0x0000000089600000, 0x0000000089600000| Untracked 
| 113|0x0000000089700000, 0x0000000089700000, 0x0000000089800000|  0%| F|  |TAMS 0x0000000089700000, 0x0000000089700000| Untracked 
| 114|0x0000000089800000, 0x0000000089800000, 0x0000000089900000|  0%| F|  |TAMS 0x0000000089800000, 0x0000000089800000| Untracked 
| 115|0x0000000089900000, 0x0000000089900000, 0x0000000089a00000|  0%| F|  |TAMS 0x0000000089900000, 0x0000000089900000| Untracked 
| 116|0x0000000089a00000, 0x0000000089a00000, 0x0000000089b00000|  0%| F|  |TAMS 0x0000000089a00000, 0x0000000089a00000| Untracked 
| 117|0x0000000089b00000, 0x0000000089b00000, 0x0000000089c00000|  0%| F|  |TAMS 0x0000000089b00000, 0x0000000089b00000| Untracked 
| 118|0x0000000089c00000, 0x0000000089c00000, 0x0000000089d00000|  0%| F|  |TAMS 0x0000000089c00000, 0x0000000089c00000| Untracked 
| 119|0x0000000089d00000, 0x0000000089d00000, 0x0000000089e00000|  0%| F|  |TAMS 0x0000000089d00000, 0x0000000089d00000| Untracked 
| 120|0x0000000089e00000, 0x0000000089e00000, 0x0000000089f00000|  0%| F|  |TAMS 0x0000000089e00000, 0x0000000089e00000| Untracked 
| 121|0x0000000089f00000, 0x0000000089f00000, 0x000000008a000000|  0%| F|  |TAMS 0x0000000089f00000, 0x0000000089f00000| Untracked 
| 122|0x000000008a000000, 0x000000008a000000, 0x000000008a100000|  0%| F|  |TAMS 0x000000008a000000, 0x000000008a000000| Untracked 
| 123|0x000000008a100000, 0x000000008a1712a0, 0x000000008a200000| 44%| E|  |TAMS 0x000000008a100000, 0x000000008a100000| Complete 
| 124|0x000000008a200000, 0x000000008a300000, 0x000000008a300000|100%| E|CS|TAMS 0x000000008a200000, 0x000000008a200000| Complete 
| 125|0x000000008a300000, 0x000000008a400000, 0x000000008a400000|100%| E|CS|TAMS 0x000000008a300000, 0x000000008a300000| Complete 

Card table byte_map: [0x0000027075480000,0x0000027075870000] _byte_map_base: 0x000002707506d000

Marking Bits (Prev, Next): (CMBitMap*) 0x000002706c9a35a8, (CMBitMap*) 0x000002706c9a35e8
 Prev Bits: [0x0000027075c60000, 0x0000027077bc8000)
 Next Bits: [0x0000027077bd0000, 0x0000027079b38000)

Polling page: 0x000002706a640000

Metaspace:

Usage:
  Non-class:     16.38 MB capacity,    16.23 MB (>99%) used,   125.84 KB ( <1%) free+waste,    28.13 KB ( <1%) overhead. 
      Class:      2.06 MB capacity,     1.97 MB ( 95%) used,    89.21 KB (  4%) free+waste,    12.13 KB ( <1%) overhead. 
       Both:     18.45 MB capacity,    18.20 MB ( 99%) used,   215.05 KB (  1%) free+waste,    40.25 KB ( <1%) overhead. 

Virtual space:
  Non-class space:       18.00 MB reserved,      16.50 MB ( 92%) committed 
      Class space:        1.00 GB reserved,       2.13 MB ( <1%) committed 
             Both:        1.02 GB reserved,      18.63 MB (  2%) committed 

Chunk freelists:
   Non-Class:  7.00 KB
       Class:  3.75 KB
        Both:  10.75 KB

CodeHeap 'non-profiled nmethods': size=120000Kb used=1052Kb max_used=1052Kb free=118947Kb
 bounds [0x0000027007ad0000, 0x0000027007d40000, 0x000002700f000000]
CodeHeap 'profiled nmethods': size=120000Kb used=5186Kb max_used=5186Kb free=114813Kb
 bounds [0x00000270005a0000, 0x0000027000ac0000, 0x0000027007ad0000]
CodeHeap 'non-nmethods': size=5760Kb used=2286Kb max_used=2358Kb free=3473Kb
 bounds [0x0000027000000000, 0x0000027000270000, 0x00000270005a0000]
 total_blobs=3435 nmethods=2262 adapters=647
 compilation: enabled
              stopped_count=0, restarted_count=0
 full_count=0

Compilation events (10 events):
Event: 4.398 Thread 0x000002707c5bb000 nmethod 2238 0x0000027007bd5890 code [0x0000027007bd5a40, 0x0000027007bd5b78]
Event: 4.398 Thread 0x000002707da59000 nmethod 2247 0x0000027007bd5c10 code [0x0000027007bd5dc0, 0x0000027007bd6258]
Event: 1144.357 Thread 0x000002707c5bb000 2258       3       java.lang.ref.ReferenceQueue::reallyPoll (65 bytes)
Event: 1144.358 Thread 0x000002707c5bb000 nmethod 2258 0x0000027000aae710 code [0x0000027000aae900, 0x0000027000aaee98]
Event: 9406.231 Thread 0x000002707c5bb000 2260   !   3       java.lang.ref.ReferenceQueue::remove (125 bytes)
Event: 9406.241 Thread 0x000002707c5bb000 nmethod 2260 0x0000027000aaef90 code [0x0000027000aaf1e0, 0x0000027000aafba0]
Event: 9466.232 Thread 0x000002707c5bb000 2261   !   3       jdk.internal.ref.PhantomCleanable::isListEmpty (34 bytes)
Event: 9466.233 Thread 0x000002707c5bb000 nmethod 2261 0x0000027000aaff10 code [0x0000027000ab00e0, 0x0000027000ab0498]
Event: 9466.233 Thread 0x000002707c5bb000 2262       3       jdk.internal.misc.InnocuousThread::eraseThreadLocals (23 bytes)
Event: 9466.234 Thread 0x000002707c5bb000 nmethod 2262 0x0000027000ab0610 code [0x0000027000ab07e0, 0x0000027000ab0a38]

GC Heap History (6 events):
Event: 2.575 GC heap before
{Heap before GC invocations=0 (full 0):
 garbage-first heap   total 129024K, used 24576K [0x0000000082600000, 0x0000000100000000)
  region size 1024K, 24 young (24576K), 0 survivors (0K)
 Metaspace       used 9008K, capacity 9251K, committed 9600K, reserved 1058816K
  class space    used 966K, capacity 1041K, committed 1152K, reserved 1048576K
}
Event: 2.583 GC heap after
{Heap after GC invocations=1 (full 0):
 garbage-first heap   total 129024K, used 7069K [0x0000000082600000, 0x0000000100000000)
  region size 1024K, 3 young (3072K), 3 survivors (3072K)
 Metaspace       used 9008K, capacity 9251K, committed 9600K, reserved 1058816K
  class space    used 966K, capacity 1041K, committed 1152K, reserved 1048576K
}
Event: 2.796 GC heap before
{Heap before GC invocations=1 (full 0):
 garbage-first heap   total 129024K, used 13213K [0x0000000082600000, 0x0000000100000000)
  region size 1024K, 9 young (9216K), 3 survivors (3072K)
 Metaspace       used 10293K, capacity 10563K, committed 10752K, reserved 1058816K
  class space    used 1127K, capacity 1201K, committed 1280K, reserved 1048576K
}
Event: 2.801 GC heap after
{Heap after GC invocations=2 (full 0):
 garbage-first heap   total 129024K, used 8159K [0x0000000082600000, 0x0000000100000000)
  region size 1024K, 1 young (1024K), 1 survivors (1024K)
 Metaspace       used 10293K, capacity 10563K, committed 10752K, reserved 1058816K
  class space    used 1127K, capacity 1201K, committed 1280K, reserved 1048576K
}
Event: 4.335 GC heap before
{Heap before GC invocations=2 (full 0):
 garbage-first heap   total 129024K, used 48095K [0x0000000082600000, 0x0000000100000000)
  region size 1024K, 37 young (37888K), 1 survivors (1024K)
 Metaspace       used 18445K, capacity 18756K, committed 19072K, reserved 1067008K
  class space    used 1994K, capacity 2113K, committed 2176K, reserved 1048576K
}
Event: 4.343 GC heap after
{Heap after GC invocations=3 (full 0):
 garbage-first heap   total 129024K, used 13036K [0x0000000082600000, 0x0000000100000000)
  region size 1024K, 5 young (5120K), 5 survivors (5120K)
 Metaspace       used 18445K, capacity 18756K, committed 19072K, reserved 1067008K
  class space    used 1994K, capacity 2113K, committed 2176K, reserved 1048576K
}

Deoptimization events (10 events):
Event: 4.318 Thread 0x000002706c960800 Uncommon trap: reason=class_check action=maybe_recompile pc=0x0000027007b9f300 method=java.io.FilterInputStream.read([BII)I @ 7 c2
Event: 4.318 Thread 0x000002706c960800 Uncommon trap: reason=class_check action=maybe_recompile pc=0x0000027007b9f300 method=java.io.FilterInputStream.read([BII)I @ 7 c2
Event: 4.318 Thread 0x000002706c960800 Uncommon trap: reason=class_check action=maybe_recompile pc=0x0000027007b9f300 method=java.io.FilterInputStream.read([BII)I @ 7 c2
Event: 4.318 Thread 0x000002706c960800 Uncommon trap: reason=class_check action=maybe_recompile pc=0x0000027007b9f300 method=java.io.FilterInputStream.read([BII)I @ 7 c2
Event: 4.322 Thread 0x000002706c960800 Uncommon trap: reason=class_check action=maybe_recompile pc=0x0000027007b9a0cc method=java.io.FilterInputStream.read()I @ 4 c2
Event: 4.322 Thread 0x000002706c960800 Uncommon trap: reason=class_check action=maybe_recompile pc=0x0000027007b9a0cc method=java.io.FilterInputStream.read()I @ 4 c2
Event: 4.322 Thread 0x000002706c960800 Uncommon trap: reason=class_check action=maybe_recompile pc=0x0000027007b9a0cc method=java.io.FilterInputStream.read()I @ 4 c2
Event: 4.322 Thread 0x000002706c960800 Uncommon trap: reason=class_check action=maybe_recompile pc=0x0000027007b9a0cc method=java.io.FilterInputStream.read()I @ 4 c2
Event: 4.382 Thread 0x000002706c960800 Uncommon trap: reason=unhandled action=none pc=0x0000027007bd2644 method=com.sun.org.apache.xerces.internal.impl.XMLEntityScanner.load(IZZ)Z @ 171 c2
Event: 4.392 Thread 0x000002706c960800 Uncommon trap: reason=unhandled action=none pc=0x0000027007bd2644 method=com.sun.org.apache.xerces.internal.impl.XMLEntityScanner.load(IZZ)Z @ 171 c2

Classes redefined (7 events):
Event: 379.940 Thread 0x000002707c570000 redefined class name=com.bpci.testCases.GetEventDetailsBasedOnEpisode, count=1
Event: 447.803 Thread 0x000002707c570000 redefined class name=com.bpci.testCases.GetEventDetailsBasedOnEpisode, count=2
Event: 665.369 Thread 0x000002707c570000 redefined class name=com.bpci.testCases.GetEventDetailsBasedOnEpisode, count=3
Event: 715.363 Thread 0x000002707c570000 redefined class name=com.bpci.testCases.GetEventDetailsBasedOnEpisode, count=4
Event: 1069.972 Thread 0x000002707c570000 redefined class name=com.bpci.testCases.GetEventDetailsBasedOnEpisode, count=5
Event: 1110.410 Thread 0x000002707c570000 redefined class name=com.bpci.testCases.GetEventDetailsBasedOnEpisode, count=6
Event: 28515.216 Thread 0x000002707c570000 redefined class name=com.bpci.base.TestBase, count=1

Internal exceptions (10 events):
Event: 3.099 Thread 0x000002706c960800 Exception <a 'java/lang/ClassNotFoundException'{0x0000000089aa50e8}: io/restassured/internal/ResponseSpecificationImplBeanInfo> (0x0000000089aa50e8) thrown at [t:/workspace/open/src/hotspot/share/classfile/systemDictionary.cpp, line 235]
Event: 3.099 Thread 0x000002706c960800 Exception <a 'java/lang/ClassNotFoundException'{0x0000000089aacd30}: io/restassured/internal/ResponseSpecificationImplCustomizer> (0x0000000089aacd30) thrown at [t:/workspace/open/src/hotspot/share/classfile/systemDictionary.cpp, line 235]
Event: 3.107 Thread 0x000002706c960800 Exception <a 'java/lang/ClassNotFoundException'{0x0000000089afefa8}: org/apache/commons/lang3/ValidateBeanInfo> (0x0000000089afefa8) thrown at [t:/workspace/open/src/hotspot/share/classfile/systemDictionary.cpp, line 235]
Event: 3.108 Thread 0x000002706c960800 Exception <a 'java/lang/ClassNotFoundException'{0x00000000899062b8}: org/apache/commons/lang3/ValidateCustomizer> (0x00000000899062b8) thrown at [t:/workspace/open/src/hotspot/share/classfile/systemDictionary.cpp, line 235]
Event: 3.123 Thread 0x000002706c960800 Exception <a 'java/lang/ClassNotFoundException'{0x000000008997df98}: io/restassured/internal/TestSpecificationImplBeanInfo> (0x000000008997df98) thrown at [t:/workspace/open/src/hotspot/share/classfile/systemDictionary.cpp, line 235]
Event: 3.124 Thread 0x000002706c960800 Exception <a 'java/lang/ClassNotFoundException'{0x0000000089985760}: io/restassured/internal/TestSpecificationImplCustomizer> (0x0000000089985760) thrown at [t:/workspace/open/src/hotspot/share/classfile/systemDictionary.cpp, line 235]
Event: 3.179 Thread 0x000002706c960800 Exception <a 'java/lang/NoSuchMethodError'{0x00000000897fd200}: java.lang.invoke.DirectMethodHandle$Holder.invokeSpecialIFC(Ljava/lang/Object;Ljava/lang/Object;I)I> (0x00000000897fd200) thrown at [t:/workspace/open/src/hotspot/share/interpreter/linkResolv
Event: 3.259 Thread 0x000002706c960800 Exception <a 'java/lang/NoSuchMethodError'{0x00000000894a1250}: java.lang.invoke.DirectMethodHandle$Holder.invokeStaticInit(Ljava/lang/Object;Ljava/lang/Object;Ljava/lang/Object;)I> (0x00000000894a1250) thrown at [t:/workspace/open/src/hotspot/share/inter
Event: 3.269 Thread 0x000002706c960800 Exception <a 'java/lang/NoSuchMethodError'{0x00000000894e1650}: java.lang.invoke.DirectMethodHandle$Holder.invokeStaticInit(Ljava/lang/Object;Ljava/lang/Object;Ljava/lang/Object;)Ljava/lang/Object;> (0x00000000894e1650) thrown at [t:/workspace/open/src/ho
Event: 3.532 Thread 0x000002706c960800 Implicit null exception at 0x0000027007b10d08 to 0x0000027007b10d9a

Events (10 events):
Event: 75277.425 Executing VM operation: GetFrameLocation done
Event: 75277.425 Executing VM operation: GetOrSetLocal
Event: 75277.425 Executing VM operation: GetOrSetLocal done
Event: 75277.426 Executing VM operation: GetFrameLocation
Event: 75277.426 Executing VM operation: GetFrameLocation done
Event: 75277.427 Executing VM operation: GetOrSetLocal
Event: 75277.428 Executing VM operation: GetOrSetLocal done
Event: 75277.725 Executing VM operation: GetFrameLocation
Event: 75277.725 Executing VM operation: GetFrameLocation done
Event: 75277.726 Executing VM operation: GetOrSetLocal


Dynamic libraries:
0x00007ff6dc380000 - 0x00007ff6dc38f000 	C:\Program Files\Java\jdk-12.0.1\bin\javaw.exe
0x00007ffc67330000 - 0x00007ffc67511000 	C:\windows\SYSTEM32\ntdll.dll
0x00007ffc3d360000 - 0x00007ffc3d386000 	C:\Program Files\Cylance\Desktop\CyMemDef64.dll
0x00007ffc655f0000 - 0x00007ffc656a1000 	C:\windows\System32\KERNEL32.DLL
0x00007ffc63700000 - 0x00007ffc63973000 	C:\windows\System32\KERNELBASE.dll
0x00007ffc646c0000 - 0x00007ffc647b8000 	C:\windows\System32\ucrtbase.dll
0x00007ffc56eb0000 - 0x00007ffc56ec8000 	C:\Program Files\Java\jdk-12.0.1\bin\jli.dll
0x00007ffc64b80000 - 0x00007ffc64c21000 	C:\windows\System32\ADVAPI32.dll
0x00007ffc67260000 - 0x00007ffc672fe000 	C:\windows\System32\msvcrt.dll
0x00007ffc652c0000 - 0x00007ffc6531b000 	C:\windows\System32\sechost.dll
0x00007ffc64cb0000 - 0x00007ffc64dd4000 	C:\windows\System32\RPCRT4.dll
0x00007ffc656b0000 - 0x00007ffc65840000 	C:\windows\System32\USER32.dll
0x00007ffc63e40000 - 0x00007ffc63e60000 	C:\windows\System32\win32u.dll
0x00007ffc64b50000 - 0x00007ffc64b78000 	C:\windows\System32\GDI32.dll
0x00007ffc63a60000 - 0x00007ffc63bf1000 	C:\windows\System32\gdi32full.dll
0x00007ffc63e60000 - 0x00007ffc63eff000 	C:\windows\System32\msvcp_win.dll
0x00007ffc52c50000 - 0x00007ffc52c66000 	C:\Program Files\Java\jdk-12.0.1\bin\VCRUNTIME140.dll
0x00007ffc56040000 - 0x00007ffc562a9000 	C:\windows\WinSxS\amd64_microsoft.windows.common-controls_6595b64144ccf1df_6.0.17134.885_none_fb42a3473065565f\COMCTL32.dll
0x00007ffc64f90000 - 0x00007ffc652b2000 	C:\windows\System32\combase.dll
0x00007ffc63980000 - 0x00007ffc639f9000 	C:\windows\System32\bcryptPrimitives.dll
0x00007ffc62760000 - 0x00007ffc6276a000 	C:\windows\SYSTEM32\VERSION.dll
0x00007ffc64de0000 - 0x00007ffc64e0d000 	C:\windows\System32\IMM32.DLL
0x00007ffc4de90000 - 0x00007ffc4df3a000 	C:\Program Files\Java\jdk-12.0.1\bin\msvcp140.dll
0x00007ffbe7cb0000 - 0x00007ffbe8824000 	C:\Program Files\Java\jdk-12.0.1\bin\server\jvm.dll
0x00007ffc66c80000 - 0x00007ffc66c88000 	C:\windows\System32\PSAPI.DLL
0x00007ffc50340000 - 0x00007ffc50349000 	C:\windows\SYSTEM32\WSOCK32.dll
0x00007ffc671d0000 - 0x00007ffc6723c000 	C:\windows\System32\WS2_32.dll
0x00007ffc5f960000 - 0x00007ffc5f983000 	C:\windows\SYSTEM32\WINMM.dll
0x00007ffc5f750000 - 0x00007ffc5f77a000 	C:\windows\SYSTEM32\WINMMBASE.dll
0x00007ffc63c00000 - 0x00007ffc63c49000 	C:\windows\System32\cfgmgr32.dll
0x00007ffc63670000 - 0x00007ffc63681000 	C:\windows\System32\kernel.appcore.dll
0x00007ffc4f550000 - 0x00007ffc4f561000 	C:\Program Files\Java\jdk-12.0.1\bin\verify.dll
0x00007ffc61f60000 - 0x00007ffc62129000 	C:\windows\SYSTEM32\DBGHELP.DLL
0x00007ffc2f2b0000 - 0x00007ffc2f2d9000 	C:\windows\SYSTEM32\dbgcore.DLL
0x00007ffc4dfd0000 - 0x00007ffc4dff6000 	C:\Program Files\Java\jdk-12.0.1\bin\java.dll
0x00007ffc4c700000 - 0x00007ffc4c738000 	C:\Program Files\Java\jdk-12.0.1\bin\jdwp.dll
0x00007ffc4f530000 - 0x00007ffc4f547000 	C:\Program Files\Java\jdk-12.0.1\bin\zip.dll
0x00007ffc60750000 - 0x00007ffc6075a000 	C:\Program Files\Java\jdk-12.0.1\bin\jimage.dll
0x00007ffc65840000 - 0x00007ffc66c80000 	C:\windows\System32\SHELL32.dll
0x00007ffc65380000 - 0x00007ffc65429000 	C:\windows\System32\shcore.dll
0x00007ffc63f00000 - 0x00007ffc6460d000 	C:\windows\System32\windows.storage.dll
0x00007ffc65320000 - 0x00007ffc65371000 	C:\windows\System32\shlwapi.dll
0x00007ffc636e0000 - 0x00007ffc636ff000 	C:\windows\System32\profapi.dll
0x00007ffc63690000 - 0x00007ffc636dc000 	C:\windows\System32\powrprof.dll
0x00007ffc63660000 - 0x00007ffc6366a000 	C:\windows\System32\FLTLIB.DLL
0x00007ffc5f730000 - 0x00007ffc5f73a000 	C:\Program Files\Java\jdk-12.0.1\bin\dt_socket.dll
0x00007ffc62ec0000 - 0x00007ffc62f26000 	C:\windows\System32\mswsock.dll
0x00007ffc62c90000 - 0x00007ffc62d4e000 	C:\windows\SYSTEM32\DNSAPI.dll
0x00007ffc648c0000 - 0x00007ffc648c8000 	C:\windows\System32\NSI.dll
0x00007ffc62c50000 - 0x00007ffc62c88000 	C:\windows\SYSTEM32\IPHLPAPI.DLL
0x0000000074800000 - 0x0000000074826000 	C:\Program Files\Bonjour\mdnsNSP.dll
0x00007ffc56950000 - 0x00007ffc569c2000 	C:\windows\System32\fwpuclnt.dll
0x00007ffc631a0000 - 0x00007ffc631c5000 	C:\windows\SYSTEM32\bcrypt.dll
0x00007ffc2c3b0000 - 0x00007ffc2c3ba000 	C:\Windows\System32\rasadhlp.dll
0x00007ffc4f1f0000 - 0x00007ffc4f209000 	C:\Program Files\Java\jdk-12.0.1\bin\net.dll
0x00007ffc5ee40000 - 0x00007ffc5ef1d000 	C:\windows\SYSTEM32\WINHTTP.dll
0x00007ffc50040000 - 0x00007ffc50209000 	C:\windows\SYSTEM32\urlmon.dll
0x00007ffc4fd90000 - 0x00007ffc50036000 	C:\windows\SYSTEM32\iertutil.dll
0x00007ffc63090000 - 0x00007ffc6309b000 	C:\windows\SYSTEM32\CRYPTBASE.DLL
0x00007ffc4c680000 - 0x00007ffc4c693000 	C:\Program Files\Java\jdk-12.0.1\bin\nio.dll
0x00007ffc63070000 - 0x00007ffc63087000 	C:\windows\SYSTEM32\CRYPTSP.dll
0x00007ffc62ab0000 - 0x00007ffc62ae3000 	C:\windows\system32\rsaenh.dll
0x00007ffc63570000 - 0x00007ffc63598000 	C:\windows\SYSTEM32\USERENV.dll
0x00007ffc57cb0000 - 0x00007ffc57cc6000 	C:\windows\SYSTEM32\dhcpcsvc6.DLL
0x00007ffc59180000 - 0x00007ffc5919a000 	C:\windows\SYSTEM32\dhcpcsvc.DLL

dbghelp: loaded successfully - version: 4.0.5 - missing functions: none
symbol engine: initialized successfully - sym options: 0x614 - pdb path: .;C:\Program Files\Java\jdk-12.0.1\bin;C:\windows\SYSTEM32;C:\Program Files\Cylance\Desktop;C:\windows\WinSxS\amd64_microsoft.windows.common-controls_6595b64144ccf1df_6.0.17134.885_none_fb42a3473065565f;C:\Program Files\Java\jdk-12.0.1\bin\server;C:\Program Files\Bonjour

VM Arguments:
jvm_args: -agentlib:jdwp=transport=dt_socket,suspend=y,address=localhost:53446 -ea -Dfile.encoding=Cp1252 
java_command: org.testng.remote.RemoteTestNG -serport 53443 -protocol json -d C:\Users\Neha\eclipse-workspace\BPCI_API\API_BPCI\test-output C:\Users\Neha\AppData\Local\Temp\testng-eclipse-998332522\testng-customsuite.xml
java_class_path (initial): C:\Users\Neha\eclipse\java-2019-03\eclipse\configuration\org.eclipse.osgi\484\0\.cp\lib\testng-remote.jar;C:\Users\Neha\.p2\pool\plugins\org.testng_6.14.3.r201802240500.jar;C:\Users\Neha\.p2\pool\plugins\com.beust.jcommander_1.72.0.jar;C:\Users\Neha\.p2\pool\plugins\org.apache-extras.beanshell.bsh_2.0.0.b6.jar;C:\Users\Neha\.p2\pool\plugins\org.yaml.snakeyaml_1.17.0.jar;C:\Users\Neha\eclipse-workspace\BPCI_API\API_BPCI\target\test-classes;C:\Users\Neha\eclipse-workspace\BPCI_API\API_BPCI\target\classes;C:\Users\Neha\Downloads\sqljdbc4-2.0.jar\sqljdbc4-2.0.jar;C:\Users\Neha\.m2\repository\io\rest-assured\rest-assured\3.0.0\rest-assured-3.0.0.jar;C:\Users\Neha\.m2\repository\org\codehaus\groovy\groovy\2.4.6\groovy-2.4.6.jar;C:\Users\Neha\.m2\repository\org\codehaus\groovy\groovy-xml\2.4.6\groovy-xml-2.4.6.jar;C:\Users\Neha\.m2\repository\org\apache\httpcomponents\httpclient\4.5.2\httpclient-4.5.2.jar;C:\Users\Neha\.m2\repository\org\apache\httpcomponents\httpcore\4.4.4\httpcore-4.4.4.jar;C:\Users\Neha\.m2\repository\commons-logging\commons-logging\1.2\commons-logging-1.2.jar;C:\Users\Neha\.m2\repository\org\apache\httpcomponents\httpmime\4.5.1\httpmime-4.5.1.jar;C:\Users\Neha\.m2\repository\org\hamcrest\hamcrest-core\1.3\hamcrest-core-1.3.jar;C:\Users\Neha\.m2\repository\org\hamcrest\hamcrest-library\1.3\hamcrest-library-1.3.jar;C:\Users\Neha\.m2\repository\org\ccil\cowan\tagsoup\tagsoup\1.2.1\tagsoup-1.2.1.jar;C:\Users\Neha\.m2\repository\io\rest-assured\json-path\3.0.0\json-path-3.0.0.jar;C:\Users\Neha\.m2\repository\org\codehaus\groovy\groovy-json\2.4.6\groovy-json-2.4.6.jar;C:\Users\Neha\.m2\repository\io\rest-assured\rest-assured-common\3.0.0\rest-assured-common-3.0.0.jar;C:\Users\Neha\.m2\repository\io\rest-assured\xml-path\3.0.0\xml-path-3.0.0.jar;C:\Users\Neha\.m2\repository\org\apache\commons\commons-lang3\3.4\commons-lang3-3.4.jar;C:\Users\Neha\.m2\repository\org\testng\testng\6.8\testng-6.8.jar;C:\Users\Neha\.m2\repository\junit
Launcher Type: SUN_STANDARD

[Global flags]
     intx CICompilerCount                          = 4                                         {product} {ergonomic}
     uint ConcGCThreads                            = 2                                         {product} {ergonomic}
     uint G1ConcRefinementThreads                  = 8                                         {product} {ergonomic}
   size_t G1HeapRegionSize                         = 1048576                                   {product} {ergonomic}
    uintx GCDrainStackTargetSize                   = 64                                        {product} {ergonomic}
   size_t InitialHeapSize                          = 132120576                                 {product} {ergonomic}
   size_t MarkStackSize                            = 4194304                                   {product} {ergonomic}
   size_t MaxHeapSize                              = 2107637760                                {product} {ergonomic}
   size_t MaxNewSize                               = 1264582656                                {product} {ergonomic}
   size_t MinHeapDeltaBytes                        = 1048576                                   {product} {ergonomic}
    uintx NonNMethodCodeHeapSize                   = 5836300                                {pd product} {ergonomic}
    uintx NonProfiledCodeHeapSize                  = 122910970                              {pd product} {ergonomic}
    uintx ProfiledCodeHeapSize                     = 122910970                              {pd product} {ergonomic}
    uintx ReservedCodeCacheSize                    = 251658240                              {pd product} {ergonomic}
     bool SegmentedCodeCache                       = true                                      {product} {ergonomic}
     bool UseCompressedClassPointers               = true                                 {lp64_product} {ergonomic}
     bool UseCompressedOops                        = true                                 {lp64_product} {ergonomic}
     bool UseG1GC                                  = true                                      {product} {ergonomic}
     bool UseLargePagesIndividualAllocation        = false                                  {pd product} {ergonomic}

Logging:
Log output configuration:
 #0: stdout all=warning uptime,level,tags
 #1: stderr all=off uptime,level,tags

Environment Variables:
JAVA_HOME=C:\Program Files\Java\jdk-12.0.1\bin
PATH=C:/Program Files/Java/jdk-12.0.1/bin/server;C:/Program Files/Java/jdk-12.0.1/bin;C:\windows\system32;C:\windows;C:\windows\System32\Wbem;C:\windows\System32\WindowsPowerShell\v1.0\;C:\windows\System32\OpenSSH\;C:\Program Files\Microsoft SQL Server\Client SDK\ODBC\130\Tools\Binn\;C:\Program Files (x86)\Microsoft SQL Server\140\Tools\Binn\;C:\Program Files\Microsoft SQL Server\140\Tools\Binn\;C:\Program Files\Microsoft SQL Server\140\DTS\Binn\;C:\Program Files (x86)\Microsoft SQL Server\150\DTS\Binn\;C:\Program Files\Java\jdk-12.0.1\bin;C:\Program Files (x86)\Intel\Intel(R) Management Engine Components\DAL;C:\Program Files\Intel\Intel(R) Management Engine Components\DAL;C:\Program Files\Intel\WiFi\bin\;C:\Program Files\Common Files\Intel\WirelessCommon\;C:\Program Files (x86)\Microsoft SQL Server\Client SDK\ODBC\130\Tools\Binn\;C:\Program Files (x86)\Microsoft SQL Server\140\DTS\Binn\;C:\Program Files (x86)\Microsoft SQL Server\140\Tools\Binn\ManagementStudio\;C:\Program Files (x86)\Git\cmd;C:\Users\Neha\AppData\Local\Microsoft\WindowsApps;;C:\Users\Neha\eclipse\java-2019-03\eclipse;
USERNAME=Neha
OS=Windows_NT
PROCESSOR_IDENTIFIER=Intel64 Family 6 Model 142 Stepping 10, GenuineIntel



---------------  S Y S T E M  ---------------

OS: Windows 10 , 64 bit Build 17134 (10.0.17134.753)

CPU:total 8 (initial active 8) (4 cores per cpu, 2 threads per core) family 6 model 142 stepping 10, cmov, cx8, fxsr, mmx, sse, sse2, sse3, ssse3, sse4.1, sse4.2, popcnt, avx, avx2, aes, clmul, erms, 3dnowpref, lzcnt, ht, tsc, tscinvbit, bmi1, bmi2, adx, fma

Memory: 4k page, system-wide physical 8035M (2543M free)
TotalPageFile size 16236M (AvailPageFile size 6375M)
current process WorkingSet (physical memory assigned to process): 41M, peak: 189M
current process commit charge ("private bytes"): 254M, peak: 323M

vm_info: Java HotSpot(TM) 64-Bit Server VM (12.0.1+12) for windows-amd64 JRE (12.0.1+12), built on Apr  2 2019 14:02:19 by "mach5one" with MS VC++ 15.5 (VS2017)

END.
